#
# A fatal error has been detected by the Java Runtime Environment:
#
#  SIGSEGV (0xb) at pc=0x00007f0f98acdbea, pid=131027, tid=131052
#
# JRE version: OpenJDK Runtime Environment (11.0.20+8) (build 11.0.20+8-post-Ubuntu-1ubuntu120.04)
# Java VM: OpenJDK 64-Bit Server VM (11.0.20+8-post-Ubuntu-1ubuntu120.04, mixed mode, sharing, tiered, compressed oops, g1 gc, linux-amd64)
# Problematic frame:
# V  [libjvm.so+0x849bea]  InstanceKlass::clean_weak_instanceklass_links()+0x11a
#
# Core dump will be written. Default location: Core dumps may be processed with "/usr/share/apport/apport -p%p -s%s -c%c -d%d -P%P -u%u -g%g -- %E" (or dumping to /home/essosso/Downloads/Soumission/Emile/essosso-belinga-emile-tester-Java/core.131027)
#
# If you would like to submit a bug report, please visit:
#   https://bugs.launchpad.net/ubuntu/+source/openjdk-lts
#

---------------  S U M M A R Y ------------

Command Line: -Dclassworlds.conf=/usr/share/maven/bin/m2.conf -Dmaven.home=/usr/share/maven -Dlibrary.jansi.path=/usr/share/maven/lib/jansi-native -Dmaven.multiModuleProjectDirectory=/home/essosso/Downloads/Soumission/Emile/essosso-belinga-emile-tester-Java org.codehaus.plexus.classworlds.launcher.Launcher test

Host: Intel(R) Core(TM) i3 CPU       M 370  @ 2.40GHz, 4 cores, 3G, Ubuntu 20.04.6 LTS
Time: Tue Jan 30 21:39:34 2024 EST elapsed time: 17.446328 seconds (0d 0h 0m 17s)

---------------  T H R E A D  ---------------

Current thread (0x00007f0f9002f800):  GCTaskThread "GC Thread#0" [stack: 0x00007f0f97ab5000,0x00007f0f97bb5000] [id=131052]

Stack: [0x00007f0f97ab5000,0x00007f0f97bb5000],  sp=0x00007f0f97bb3d70,  free space=1019k
Native frames: (J=compiled Java code, A=aot compiled Java code, j=interpreted, Vv=VM code, C=native code)
V  [libjvm.so+0x849bea]  InstanceKlass::clean_weak_instanceklass_links()+0x11a
V  [libjvm.so+0x75e360]  G1ParallelCleaningTask::work(unsigned int)+0x2c0
V  [libjvm.so+0xecc83d]  GangWorker::loop()+0x4d
V  [libjvm.so+0xe32e20]  Thread::call_run()+0x140
V  [libjvm.so+0xbef7de]  thread_native_entry(Thread*)+0xee


siginfo: si_signo: 11 (SIGSEGV), si_code: 1 (SEGV_MAPERR), si_addr: 0x000000001c980020

Register to memory mapping:

RAX=0x000000001c980000 is an unknown value
RBX=0x00000008403c2f60 is a pointer to class: 
org.apache.maven.wagon.providers.http.httpclient.io.HttpTransportMetrics {0x00000008403c2f60}
 - instance size:     2
 - klass size:        64
 - access:            public interface abstract 
 - state:             linked
 - name:              'org/apache/maven/wagon/providers/http/httpclient/io/HttpTransportMetrics'
 - super:             'java/lang/Object'
 - sub:               
 - nof implementors:  1
 - implementor:    
   
[error occurred during error reporting (printing register info), id 0xb, SIGSEGV (0xb) at pc=0x00007f0f98ad6f65]

Registers:
RAX=0x000000001c980000, RBX=0x00000008403c2f60, RCX=0x00007f0f2bf2d0c8, RDX=0x0000000000000000
RSP=0x00007f0f97bb3d70, RBP=0x00007f0f97bb3da0, RSI=0x00007f0f97bb3d20, RDI=0x00000008403c2f60
R8 =0x00000008403c3130, R9 =0x00007f0f900e2f70, R10=0x00007f0f97d8b000, R11=0x0000000000000286
R12=0x00007f0f9002ffc0, R13=0x00007f0f90024d00, R14=0x00007f0f900250e8, R15=0x00000000000003d8
RIP=0x00007f0f98acdbea, EFLAGS=0x0000000000010202, CSGSFS=0x002b000000000033, ERR=0x0000000000000004
  TRAPNO=0x000000000000000e

Top of Stack: (sp=0x00007f0f97bb3d70)
0x00007f0f97bb3d70:   00007f0f9976b400 00000008403c32c0
0x00007f0f97bb3d80:   00007f0f942b9310 00007f0f9002ffc0
0x00007f0f97bb3d90:   00007f0f90024d00 00007f0f900250e8
0x00007f0f97bb3da0:   00007f0f97bb3e00 00007f0f989e2360 

Instructions: (pc=0x00007f0f98acdbea)
0x00007f0f98acdaea:   00 00 02 74 10 48 8d 05 66 26 9f 00 80 38 00 0f
0x00007f0f98acdafa:   85 a9 00 00 00 48 8b 83 98 01 00 00 45 31 e4 8b
0x00007f0f98acdb0a:   10 85 d2 7f 25 eb 72 0f 1f 80 00 00 00 00 31 f6
0x00007f0f98acdb1a:   4c 89 ef e8 3e d0 33 00 48 8b 83 98 01 00 00 8b
0x00007f0f98acdb2a:   10 41 83 c4 01 41 39 d4 7d 4f 49 63 cc 48 8b 4c
0x00007f0f98acdb3a:   c8 08 4c 8b 69 10 4d 85 ed 74 e6 48 8d 05 c0 6e
0x00007f0f98acdb4a:   a5 00 8b 00 83 f8 02 74 c5 4d 8d 75 18 41 83 c4
0x00007f0f98acdb5a:   01 4c 89 f7 e8 5d d1 35 00 31 f6 4c 89 ef e8 f3
0x00007f0f98acdb6a:   cf 33 00 4c 89 f7 e8 9b d2 35 00 48 8b 83 98 01
0x00007f0f98acdb7a:   00 00 8b 10 41 39 d4 7c b1 48 81 c3 60 01 00 00
0x00007f0f98acdb8a:   48 8d 7d d8 48 89 5d d8 e8 69 5d e5 ff 48 83 c4
0x00007f0f98acdb9a:   10 5b 41 5c 41 5d 41 5e 5d c3 0f 1f 40 00 e8 93
0x00007f0f98acdbaa:   4e 1e 00 48 63 93 34 01 00 00 49 89 c0 48 63 83
0x00007f0f98acdbba:   c4 00 00 00 48 01 d0 8b 93 30 01 00 00 48 01 d0
0x00007f0f98acdbca:   49 8d 04 c0 48 85 c0 0f 84 28 ff ff ff 48 8b 00
0x00007f0f98acdbda:   48 85 c0 0f 84 1c ff ff ff 48 8b 80 98 00 00 00
0x00007f0f98acdbea:   80 78 20 00 0f 84 0b ff ff ff f6 83 a5 00 00 00
0x00007f0f98acdbfa:   02 0f 84 fe fe ff ff 48 89 df e8 37 4e 1e 00 48
0x00007f0f98acdc0a:   63 93 34 01 00 00 49 89 c0 48 63 83 c4 00 00 00
0x00007f0f98acdc1a:   48 01 d0 8b 93 30 01 00 00 48 01 d0 49 8d 04 c0
0x00007f0f98acdc2a:   48 85 c0 0f 84 cc fe ff ff 48 c7 00 00 00 00 00
0x00007f0f98acdc3a:   e9 c0 fe ff ff 90 f3 0f 1e fa f6 87 a5 00 00 00
0x00007f0f98acdc4a:   02 74 0c 48 8d 05 08 25 9f 00 80 38 00 75 07 c3
0x00007f0f98acdc5a:   66 0f 1f 44 00 00 55 48 89 e5 53 48 89 fb 48 83
0x00007f0f98acdc6a:   ec 08 e8 cf 4d 1e 00 48 63 93 34 01 00 00 49 89
0x00007f0f98acdc7a:   c0 48 63 83 c4 00 00 00 48 01 d0 8b 93 30 01 00
0x00007f0f98acdc8a:   00 48 01 d0 49 8d 04 c0 48 85 c0 74 15 48 8b 00
0x00007f0f98acdc9a:   48 85 c0 74 0d 48 8b 80 98 00 00 00 80 78 20 00
0x00007f0f98acdcaa:   75 0c 48 83 c4 08 5b 5d c3 0f 1f 44 00 00 f6 83
0x00007f0f98acdcba:   a5 00 00 00 02 74 eb 48 89 df e8 77 4d 1e 00 48
0x00007f0f98acdcca:   63 93 34 01 00 00 49 89 c0 48 63 83 c4 00 00 00
0x00007f0f98acdcda:   48 01 d0 8b 93 30 01 00 00 48 01 d0 49 8d 04 c0 


Stack slot to memory mapping:
stack at sp + 0 slots: 0x00007f0f9976b400: <offset 0x0000000000012400> in /lib/x86_64-linux-gnu/libpthread.so.0 at 0x00007f0f99759000
stack at sp + 1 slots: 0x00000008403c32c0 is pointing into metadata
stack at sp + 2 slots: 0x00007f0f942b9310 points into unknown readable memory: 0x0000000000000000 | 00 00 00 00 00 00 00 00
stack at sp + 3 slots: 0x00007f0f9002ffc0 points into unknown readable memory: 0x0000000000000002 | 02 00 00 00 00 00 00 00
stack at sp + 4 slots: 0x00007f0f90024d00 points into unknown readable memory: 0x0000000000000000 | 00 00 00 00 00 00 00 00
stack at sp + 5 slots: 0x00007f0f900250e8 points into unknown readable memory: 0x0000000000000035 | 35 00 00 00 00 00 00 00
stack at sp + 6 slots: 0x00007f0f97bb3e00 points into unknown readable memory: 0x00007f0f97bb3e40 | 40 3e bb 97 0f 7f 00 00
stack at sp + 7 slots: 0x00007f0f989e2360: <offset 0x000000000075e360> in /usr/lib/jvm/java-11-openjdk-amd64/lib/server/libjvm.so at 0x00007f0f98284000


---------------  P R O C E S S  ---------------

Threads class SMR info:
_java_thread_list=0x00007f0f91b748e0, length=12, elements={
0x00007f0f90017800, 0x00007f0f900be000, 0x00007f0f900c0000, 0x00007f0f900c5800,
0x00007f0f900c7800, 0x00007f0f900c9800, 0x00007f0f900cb800, 0x00007f0f900cd800,
0x00007f0f90129800, 0x00007f0f91b70800, 0x00007f0f91bac000, 0x00007f0f91bad000
}

Java Threads: ( => current thread )
  0x00007f0f90017800 JavaThread "main" [_thread_blocked, id=131051, stack(0x00007f0f97e37000,0x00007f0f97f38000)]
  0x00007f0f900be000 JavaThread "Reference Handler" daemon [_thread_blocked, id=131058, stack(0x00007f0f940b8000,0x00007f0f941b9000)]
  0x00007f0f900c0000 JavaThread "Finalizer" daemon [_thread_blocked, id=131059, stack(0x00007f0f786f0000,0x00007f0f787f1000)]
  0x00007f0f900c5800 JavaThread "Signal Dispatcher" daemon [_thread_blocked, id=131060, stack(0x00007f0f7807f000,0x00007f0f78180000)]
  0x00007f0f900c7800 JavaThread "Service Thread" daemon [_thread_blocked, id=131061, stack(0x00007f0f69eff000,0x00007f0f6a000000)]
  0x00007f0f900c9800 JavaThread "C2 CompilerThread0" daemon [_thread_blocked, id=131062, stack(0x00007f0f69dfe000,0x00007f0f69eff000)]
  0x00007f0f900cb800 JavaThread "C1 CompilerThread0" daemon [_thread_blocked, id=131063, stack(0x00007f0f69cfd000,0x00007f0f69dfe000)]
  0x00007f0f900cd800 JavaThread "Sweeper thread" daemon [_thread_blocked, id=131064, stack(0x00007f0f69bfc000,0x00007f0f69cfd000)]
  0x00007f0f90129800 JavaThread "Common-Cleaner" daemon [_thread_blocked, id=131066, stack(0x00007f0f699f9000,0x00007f0f69afa000)]
  0x00007f0f91b70800 JavaThread "resolver-1" daemon [_thread_blocked, id=131071, stack(0x00007f0f685f6000,0x00007f0f686f7000)]
  0x00007f0f91bac000 JavaThread "resolver-2" daemon [_thread_blocked, id=131072, stack(0x00007f0f684f5000,0x00007f0f685f6000)]
  0x00007f0f91bad000 JavaThread "resolver-3" daemon [_thread_blocked, id=131073, stack(0x00007f0f683f4000,0x00007f0f684f5000)]

Other Threads:
  0x00007f0f900bb000 VMThread "VM Thread" [stack: 0x00007f0f941bb000,0x00007f0f942bb000] [id=131057]
  0x00007f0f90127000 WatcherThread [stack: 0x00007f0f69afc000,0x00007f0f69bfc000] [id=131065]
=>0x00007f0f9002f800 GCTaskThread "GC Thread#0" [stack: 0x00007f0f97ab5000,0x00007f0f97bb5000] [id=131052]
  0x00007f0f60001000 GCTaskThread "GC Thread#1" [stack: 0x00007f0f698f9000,0x00007f0f699f9000] [id=131067]
  0x00007f0f90049800 ConcurrentGCThread "G1 Main Marker" [stack: 0x00007f0f9530d000,0x00007f0f9540d000] [id=131053]
  0x00007f0f9004b800 ConcurrentGCThread "G1 Conc#0" [stack: 0x00007f0f9520b000,0x00007f0f9530b000] [id=131054]
  0x00007f0f9008d000 ConcurrentGCThread "G1 Refine#0" [stack: 0x00007f0f94d05000,0x00007f0f94e05000] [id=131055]
  0x00007f0f9008f000 ConcurrentGCThread "G1 Young RemSet Sampling" [stack: 0x00007f0f94c03000,0x00007f0f94d03000] [id=131056]

Threads with active compile tasks:
C2 CompilerThread0    17452 7287       4       jdk.internal.org.objectweb.asm.Item::set (219 bytes)

VM state:at safepoint (normal execution)

VM Mutex/Monitor currently owned by a thread:  ([mutex/lock_event])
[0x00007f0f90013830] Threads_lock - owner thread: 0x00007f0f900bb000
[0x00007f0f90014010] Heap_lock - owner thread: 0x00007f0f90049800
[0x00007f0f900145b0] Compile_lock - owner thread: 0x00007f0f9002f800

Heap address: 0x00000000c5e00000, size: 930 MB, Compressed Oops mode: 32-bit
Narrow klass base: 0x0000000800000000, Narrow klass shift: 3
Compressed class space size: 1073741824 Address: 0x0000000840000000

Heap:
 garbage-first heap   total 92160K, used 29412K [0x00000000c5e00000, 0x0000000100000000)
  region size 1024K, 6 young (6144K), 5 survivors (5120K)
 Metaspace       used 35117K, capacity 36058K, committed 36352K, reserved 1081344K
  class space    used 3853K, capacity 4147K, committed 4224K, reserved 1048576K
Heap Regions: E=young(eden), S=young(survivor), O=old, HS=humongous(starts), HC=humongous(continues), CS=collection set, F=free, A=archive, TAMS=top-at-mark-start (previous, next)
|   0|0x00000000c5e00000, 0x00000000c5f00000, 0x00000000c5f00000|100%| O|  |TAMS 0x00000000c5f00000, 0x00000000c5f00000| Untracked 
|   1|0x00000000c5f00000, 0x00000000c6000000, 0x00000000c6000000|100%| O|  |TAMS 0x00000000c6000000, 0x00000000c6000000| Untracked 
|   2|0x00000000c6000000, 0x00000000c6100000, 0x00000000c6100000|100%| O|  |TAMS 0x00000000c6100000, 0x00000000c6100000| Untracked 
|   3|0x00000000c6100000, 0x00000000c6200000, 0x00000000c6200000|100%| O|  |TAMS 0x00000000c6200000, 0x00000000c6200000| Untracked 
|   4|0x00000000c6200000, 0x00000000c6300000, 0x00000000c6300000|100%| O|  |TAMS 0x00000000c6300000, 0x00000000c6300000| Untracked 
|   5|0x00000000c6300000, 0x00000000c6400000, 0x00000000c6400000|100%| O|  |TAMS 0x00000000c6400000, 0x00000000c6400000| Untracked 
|   6|0x00000000c6400000, 0x00000000c6500000, 0x00000000c6500000|100%| O|  |TAMS 0x00000000c6500000, 0x00000000c6500000| Untracked 
|   7|0x00000000c6500000, 0x00000000c6600000, 0x00000000c6600000|100%| O|  |TAMS 0x00000000c6600000, 0x00000000c6600000| Untracked 
|   8|0x00000000c6600000, 0x00000000c6700000, 0x00000000c6700000|100%| O|  |TAMS 0x00000000c6700000, 0x00000000c6700000| Untracked 
|   9|0x00000000c6700000, 0x00000000c6800000, 0x00000000c6800000|100%| O|  |TAMS 0x00000000c6800000, 0x00000000c6800000| Untracked 
|  10|0x00000000c6800000, 0x00000000c6900000, 0x00000000c6900000|100%| O|  |TAMS 0x00000000c68a4a00, 0x00000000c6900000| Untracked 
|  11|0x00000000c6900000, 0x00000000c6a00000, 0x00000000c6a00000|100%| O|  |TAMS 0x00000000c6900000, 0x00000000c6a00000| Untracked 
|  12|0x00000000c6a00000, 0x00000000c6b00000, 0x00000000c6b00000|100%| O|  |TAMS 0x00000000c6a00000, 0x00000000c6b00000| Untracked 
|  13|0x00000000c6b00000, 0x00000000c6c00000, 0x00000000c6c00000|100%| O|  |TAMS 0x00000000c6b00000, 0x00000000c6c00000| Untracked 
|  14|0x00000000c6c00000, 0x00000000c6d00000, 0x00000000c6d00000|100%| O|  |TAMS 0x00000000c6c00000, 0x00000000c6d00000| Untracked 
|  15|0x00000000c6d00000, 0x00000000c6e00000, 0x00000000c6e00000|100%| O|  |TAMS 0x00000000c6d00000, 0x00000000c6e00000| Untracked 
|  16|0x00000000c6e00000, 0x00000000c6f00000, 0x00000000c6f00000|100%| O|  |TAMS 0x00000000c6e00000, 0x00000000c6f00000| Untracked 
|  17|0x00000000c6f00000, 0x00000000c7000000, 0x00000000c7000000|100%| O|  |TAMS 0x00000000c6f00000, 0x00000000c7000000| Untracked 
|  18|0x00000000c7000000, 0x00000000c7100000, 0x00000000c7100000|100%| O|  |TAMS 0x00000000c7000000, 0x00000000c7100000| Untracked 
|  19|0x00000000c7100000, 0x00000000c7200000, 0x00000000c7200000|100%| O|  |TAMS 0x00000000c7100000, 0x00000000c7200000| Untracked 
|  20|0x00000000c7200000, 0x00000000c7300000, 0x00000000c7300000|100%| O|  |TAMS 0x00000000c7200000, 0x00000000c7300000| Untracked 
|  21|0x00000000c7300000, 0x00000000c7400000, 0x00000000c7400000|100%| O|  |TAMS 0x00000000c7300000, 0x00000000c7400000| Untracked 
|  22|0x00000000c7400000, 0x00000000c7500000, 0x00000000c7500000|100%| O|  |TAMS 0x00000000c7400000, 0x00000000c7500000| Untracked 
|  23|0x00000000c7500000, 0x00000000c7505200, 0x00000000c7600000|  2%| O|  |TAMS 0x00000000c7500000, 0x00000000c7505200| Untracked 
|  24|0x00000000c7600000, 0x00000000c7600000, 0x00000000c7700000|  0%| F|  |TAMS 0x00000000c7600000, 0x00000000c7600000| Untracked 
|  25|0x00000000c7700000, 0x00000000c7700000, 0x00000000c7800000|  0%| F|  |TAMS 0x00000000c7700000, 0x00000000c7700000| Untracked 
|  26|0x00000000c7800000, 0x00000000c7800000, 0x00000000c7900000|  0%| F|  |TAMS 0x00000000c7800000, 0x00000000c7800000| Untracked 
|  27|0x00000000c7900000, 0x00000000c7900000, 0x00000000c7a00000|  0%| F|  |TAMS 0x00000000c7900000, 0x00000000c7900000| Untracked 
|  28|0x00000000c7a00000, 0x00000000c7a00000, 0x00000000c7b00000|  0%| F|  |TAMS 0x00000000c7a00000, 0x00000000c7a00000| Untracked 
|  29|0x00000000c7b00000, 0x00000000c7b00000, 0x00000000c7c00000|  0%| F|  |TAMS 0x00000000c7b00000, 0x00000000c7b00000| Untracked 
|  30|0x00000000c7c00000, 0x00000000c7c00000, 0x00000000c7d00000|  0%| F|  |TAMS 0x00000000c7c00000, 0x00000000c7c00000| Untracked 
|  31|0x00000000c7d00000, 0x00000000c7d00000, 0x00000000c7e00000|  0%| F|  |TAMS 0x00000000c7d00000, 0x00000000c7d00000| Untracked 
|  32|0x00000000c7e00000, 0x00000000c7e00000, 0x00000000c7f00000|  0%| F|  |TAMS 0x00000000c7e00000, 0x00000000c7e00000| Untracked 
|  33|0x00000000c7f00000, 0x00000000c7f00000, 0x00000000c8000000|  0%| F|  |TAMS 0x00000000c7f00000, 0x00000000c7f00000| Untracked 
|  34|0x00000000c8000000, 0x00000000c8000000, 0x00000000c8100000|  0%| F|  |TAMS 0x00000000c8000000, 0x00000000c8000000| Untracked 
|  35|0x00000000c8100000, 0x00000000c8100000, 0x00000000c8200000|  0%| F|  |TAMS 0x00000000c8100000, 0x00000000c8100000| Untracked 
|  36|0x00000000c8200000, 0x00000000c8200000, 0x00000000c8300000|  0%| F|  |TAMS 0x00000000c8200000, 0x00000000c8200000| Untracked 
|  37|0x00000000c8300000, 0x00000000c8300000, 0x00000000c8400000|  0%| F|  |TAMS 0x00000000c8300000, 0x00000000c8300000| Untracked 
|  38|0x00000000c8400000, 0x00000000c8400000, 0x00000000c8500000|  0%| F|  |TAMS 0x00000000c8400000, 0x00000000c8400000| Untracked 
|  39|0x00000000c8500000, 0x00000000c8500000, 0x00000000c8600000|  0%| F|  |TAMS 0x00000000c8500000, 0x00000000c8500000| Untracked 
|  40|0x00000000c8600000, 0x00000000c8600000, 0x00000000c8700000|  0%| F|  |TAMS 0x00000000c8600000, 0x00000000c8600000| Untracked 
|  41|0x00000000c8700000, 0x00000000c8700000, 0x00000000c8800000|  0%| F|  |TAMS 0x00000000c8700000, 0x00000000c8700000| Untracked 
|  42|0x00000000c8800000, 0x00000000c8800000, 0x00000000c8900000|  0%| F|  |TAMS 0x00000000c8800000, 0x00000000c8800000| Untracked 
|  43|0x00000000c8900000, 0x00000000c8900000, 0x00000000c8a00000|  0%| F|  |TAMS 0x00000000c8900000, 0x00000000c8900000| Untracked 
|  44|0x00000000c8a00000, 0x00000000c8a00000, 0x00000000c8b00000|  0%| F|  |TAMS 0x00000000c8a00000, 0x00000000c8a00000| Untracked 
|  45|0x00000000c8b00000, 0x00000000c8b00000, 0x00000000c8c00000|  0%| F|  |TAMS 0x00000000c8b00000, 0x00000000c8b00000| Untracked 
|  46|0x00000000c8c00000, 0x00000000c8c00000, 0x00000000c8d00000|  0%| F|  |TAMS 0x00000000c8c00000, 0x00000000c8c00000| Untracked 
|  47|0x00000000c8d00000, 0x00000000c8d00000, 0x00000000c8e00000|  0%| F|  |TAMS 0x00000000c8d00000, 0x00000000c8d00000| Untracked 
|  48|0x00000000c8e00000, 0x00000000c8e00000, 0x00000000c8f00000|  0%| F|  |TAMS 0x00000000c8e00000, 0x00000000c8e00000| Untracked 
|  49|0x00000000c8f00000, 0x00000000c8f00000, 0x00000000c9000000|  0%| F|  |TAMS 0x00000000c8f00000, 0x00000000c8f00000| Untracked 
|  50|0x00000000c9000000, 0x00000000c9000000, 0x00000000c9100000|  0%| F|  |TAMS 0x00000000c9000000, 0x00000000c9000000| Untracked 
|  51|0x00000000c9100000, 0x00000000c9100000, 0x00000000c9200000|  0%| F|  |TAMS 0x00000000c9100000, 0x00000000c9100000| Untracked 
|  52|0x00000000c9200000, 0x00000000c9200000, 0x00000000c9300000|  0%| F|  |TAMS 0x00000000c9200000, 0x00000000c9200000| Untracked 
|  53|0x00000000c9300000, 0x00000000c9300000, 0x00000000c9400000|  0%| F|  |TAMS 0x00000000c9300000, 0x00000000c9300000| Untracked 
|  54|0x00000000c9400000, 0x00000000c9400000, 0x00000000c9500000|  0%| F|  |TAMS 0x00000000c9400000, 0x00000000c9400000| Untracked 
|  55|0x00000000c9500000, 0x00000000c9500000, 0x00000000c9600000|  0%| F|  |TAMS 0x00000000c9500000, 0x00000000c9500000| Untracked 
|  56|0x00000000c9600000, 0x00000000c9600000, 0x00000000c9700000|  0%| F|  |TAMS 0x00000000c9600000, 0x00000000c9600000| Untracked 
|  57|0x00000000c9700000, 0x00000000c9700000, 0x00000000c9800000|  0%| F|  |TAMS 0x00000000c9700000, 0x00000000c9700000| Untracked 
|  58|0x00000000c9800000, 0x00000000c9800000, 0x00000000c9900000|  0%| F|  |TAMS 0x00000000c9800000, 0x00000000c9800000| Untracked 
|  59|0x00000000c9900000, 0x00000000c9a00000, 0x00000000c9a00000|100%| S|CS|TAMS 0x00000000c9900000, 0x00000000c9900000| Complete 
|  60|0x00000000c9a00000, 0x00000000c9b00000, 0x00000000c9b00000|100%| S|CS|TAMS 0x00000000c9a00000, 0x00000000c9a00000| Complete 
|  61|0x00000000c9b00000, 0x00000000c9c00000, 0x00000000c9c00000|100%| S|CS|TAMS 0x00000000c9b00000, 0x00000000c9b00000| Complete 
|  62|0x00000000c9c00000, 0x00000000c9d00000, 0x00000000c9d00000|100%| S|CS|TAMS 0x00000000c9c00000, 0x00000000c9c00000| Complete 
|  63|0x00000000c9d00000, 0x00000000c9e00000, 0x00000000c9e00000|100%| S|CS|TAMS 0x00000000c9d00000, 0x00000000c9d00000| Complete 
|  64|0x00000000c9e00000, 0x00000000c9e00000, 0x00000000c9f00000|  0%| F|  |TAMS 0x00000000c9e00000, 0x00000000c9e00000| Untracked 
|  65|0x00000000c9f00000, 0x00000000c9f00000, 0x00000000ca000000|  0%| F|  |TAMS 0x00000000c9f00000, 0x00000000c9f00000| Untracked 
|  66|0x00000000ca000000, 0x00000000ca000000, 0x00000000ca100000|  0%| F|  |TAMS 0x00000000ca000000, 0x00000000ca000000| Untracked 
|  67|0x00000000ca100000, 0x00000000ca100000, 0x00000000ca200000|  0%| F|  |TAMS 0x00000000ca100000, 0x00000000ca100000| Untracked 
|  68|0x00000000ca200000, 0x00000000ca200000, 0x00000000ca300000|  0%| F|  |TAMS 0x00000000ca200000, 0x00000000ca200000| Untracked 
|  69|0x00000000ca300000, 0x00000000ca300000, 0x00000000ca400000|  0%| F|  |TAMS 0x00000000ca300000, 0x00000000ca300000| Untracked 
|  70|0x00000000ca400000, 0x00000000ca400000, 0x00000000ca500000|  0%| F|  |TAMS 0x00000000ca400000, 0x00000000ca400000| Untracked 
|  71|0x00000000ca500000, 0x00000000ca500000, 0x00000000ca600000|  0%| F|  |TAMS 0x00000000ca500000, 0x00000000ca500000| Untracked 
|  72|0x00000000ca600000, 0x00000000ca600000, 0x00000000ca700000|  0%| F|  |TAMS 0x00000000ca600000, 0x00000000ca600000| Untracked 
|  73|0x00000000ca700000, 0x00000000ca700000, 0x00000000ca800000|  0%| F|  |TAMS 0x00000000ca700000, 0x00000000ca700000| Untracked 
|  74|0x00000000ca800000, 0x00000000ca800000, 0x00000000ca900000|  0%| F|  |TAMS 0x00000000ca800000, 0x00000000ca800000| Untracked 
|  75|0x00000000ca900000, 0x00000000ca900000, 0x00000000caa00000|  0%| F|  |TAMS 0x00000000ca900000, 0x00000000ca900000| Untracked 
|  76|0x00000000caa00000, 0x00000000caa00000, 0x00000000cab00000|  0%| F|  |TAMS 0x00000000caa00000, 0x00000000caa00000| Untracked 
|  77|0x00000000cab00000, 0x00000000cab00000, 0x00000000cac00000|  0%| F|  |TAMS 0x00000000cab00000, 0x00000000cab00000| Untracked 
|  78|0x00000000cac00000, 0x00000000cac00000, 0x00000000cad00000|  0%| F|  |TAMS 0x00000000cac00000, 0x00000000cac00000| Untracked 
|  79|0x00000000cad00000, 0x00000000cad00000, 0x00000000cae00000|  0%| F|  |TAMS 0x00000000cad00000, 0x00000000cad00000| Untracked 
|  80|0x00000000cae00000, 0x00000000cae00000, 0x00000000caf00000|  0%| F|  |TAMS 0x00000000cae00000, 0x00000000cae00000| Untracked 
|  81|0x00000000caf00000, 0x00000000caf00000, 0x00000000cb000000|  0%| F|  |TAMS 0x00000000caf00000, 0x00000000caf00000| Untracked 
|  82|0x00000000cb000000, 0x00000000cb000000, 0x00000000cb100000|  0%| F|  |TAMS 0x00000000cb000000, 0x00000000cb000000| Untracked 
|  83|0x00000000cb100000, 0x00000000cb100000, 0x00000000cb200000|  0%| F|  |TAMS 0x00000000cb100000, 0x00000000cb100000| Untracked 
|  84|0x00000000cb200000, 0x00000000cb200000, 0x00000000cb300000|  0%| F|  |TAMS 0x00000000cb200000, 0x00000000cb200000| Untracked 
|  85|0x00000000cb300000, 0x00000000cb300000, 0x00000000cb400000|  0%| F|  |TAMS 0x00000000cb300000, 0x00000000cb300000| Untracked 
|  86|0x00000000cb400000, 0x00000000cb400000, 0x00000000cb500000|  0%| F|  |TAMS 0x00000000cb400000, 0x00000000cb400000| Untracked 
|  87|0x00000000cb500000, 0x00000000cb580a58, 0x00000000cb600000| 50%| E|  |TAMS 0x00000000cb500000, 0x00000000cb500000| Complete 
| 928|0x00000000ffe00000, 0x00000000ffe48000, 0x00000000fff00000| 28%|OA|  |TAMS 0x00000000ffe48000, 0x00000000ffe48000| Untracked 
| 929|0x00000000fff00000, 0x00000000fff6c000, 0x0000000100000000| 42%|CA|  |TAMS 0x00000000fff6c000, 0x00000000fff6c000| Untracked 

Card table byte_map: [0x00007f0f9730d000,0x00007f0f974de000] _byte_map_base: 0x00007f0f96cde000

Marking Bits (Prev, Next): (CMBitMap*) 0x00007f0f90044f50, (CMBitMap*) 0x00007f0f90044f18
 Prev Bits: [0x00007f0f9542c000, 0x00007f0f962b4000)
 Next Bits: [0x00007f0f962b4000, 0x00007f0f9713c000)

Polling page: 0x00007f0f99798000

Metaspace:

Usage:
  Non-class:     31.16 MB capacity,    30.53 MB ( 98%) used,   578.30 KB (  2%) free+waste,    68.06 KB ( <1%) overhead. 
      Class:      4.05 MB capacity,     3.76 MB ( 93%) used,   264.98 KB (  6%) free+waste,    29.00 KB ( <1%) overhead. 
       Both:     35.21 MB capacity,    34.29 MB ( 97%) used,   843.28 KB (  2%) free+waste,    97.06 KB ( <1%) overhead. 

Virtual space:
  Non-class space:       32.00 MB reserved,      31.38 MB ( 98%) committed 
      Class space:        1.00 GB reserved,       4.12 MB ( <1%) committed 
             Both:        1.03 GB reserved,      35.50 MB (  3%) committed 

Chunk freelists:
   Non-Class:  25.00 KB
       Class:  13.00 KB
        Both:  38.00 KB

MaxMetaspaceSize: unlimited
CompressedClassSpaceSize: 1.00 GB
Initial GC threshold: 20.80 MB
Current GC threshold: 35.65 MB
CDS: on

CodeHeap 'non-profiled nmethods': size=120032Kb used=2875Kb max_used=2875Kb free=117156Kb
 bounds [0x00007f0f802b9000, 0x00007f0f80589000, 0x00007f0f877f1000]
CodeHeap 'profiled nmethods': size=120032Kb used=16114Kb max_used=16114Kb free=103918Kb
 bounds [0x00007f0f78d81000, 0x00007f0f79d41000, 0x00007f0f802b9000]
CodeHeap 'non-nmethods': size=5696Kb used=1231Kb max_used=1254Kb free=4464Kb
 bounds [0x00007f0f787f1000, 0x00007f0f78a61000, 0x00007f0f78d81000]
 total_blobs=7705 nmethods=7191 adapters=428
 compilation: enabled
              stopped_count=0, restarted_count=0
 full_count=0

Compilation events (20 events):
Event: 17.307 Thread 0x00007f0f900cb800 7307       3       sun.security.util.math.intpoly.IntegerPolynomial25519::mult (943 bytes)
Event: 17.308 Thread 0x00007f0f900cb800 nmethod 7307 0x00007f0f79d38e90 code [0x00007f0f79d39080, 0x00007f0f79d39dc0]
Event: 17.308 Thread 0x00007f0f900cb800 7308       3       sun.security.util.math.intpoly.IntegerPolynomial$MutableElement::setSum (6 bytes)
Event: 17.309 Thread 0x00007f0f900cb800 nmethod 7308 0x00007f0f79d3a110 code [0x00007f0f79d3a2c0, 0x00007f0f79d3a420]
Event: 17.309 Thread 0x00007f0f900cb800 7309       3       sun.security.util.math.intpoly.IntegerPolynomial$MutableElement::setSquare (5 bytes)
Event: 17.309 Thread 0x00007f0f900cb800 nmethod 7309 0x00007f0f79d3a510 code [0x00007f0f79d3a6e0, 0x00007f0f79d3a960]
Event: 17.309 Thread 0x00007f0f900cb800 7310       3       sun.security.util.math.intpoly.IntegerPolynomial$MutableElement::setSquare (22 bytes)
Event: 17.309 Thread 0x00007f0f900cb800 nmethod 7310 0x00007f0f79d3aa90 code [0x00007f0f79d3ac40, 0x00007f0f79d3ae40]
Event: 17.309 Thread 0x00007f0f900cb800 7311       3       sun.security.util.math.intpoly.IntegerPolynomial25519::square (613 bytes)
Event: 17.310 Thread 0x00007f0f900cb800 nmethod 7311 0x00007f0f79d3af10 code [0x00007f0f79d3b0e0, 0x00007f0f79d3b980]
Event: 17.310 Thread 0x00007f0f900cb800 7312       3       sun.security.util.math.intpoly.IntegerPolynomial::conditionalSwap (57 bytes)
Event: 17.310 Thread 0x00007f0f900cb800 nmethod 7312 0x00007f0f79d3bc10 code [0x00007f0f79d3bdc0, 0x00007f0f79d3bfb0]
Event: 17.310 Thread 0x00007f0f900cb800 7313       3       sun.security.ec.XECOperations::cswap (9 bytes)
Event: 17.311 Thread 0x00007f0f900cb800 nmethod 7313 0x00007f0f79d3c110 code [0x00007f0f79d3c2c0, 0x00007f0f79d3c460]
Event: 17.311 Thread 0x00007f0f900cb800 7314       3       sun.security.util.math.intpoly.IntegerPolynomial$MutableElement::conditionalSwapWith (38 bytes)
Event: 17.311 Thread 0x00007f0f900cb800 nmethod 7314 0x00007f0f79d3c510 code [0x00007f0f79d3c6e0, 0x00007f0f79d3c960]
Event: 17.312 Thread 0x00007f0f900cb800 7315       3       java.math.BigInteger::testBit (38 bytes)
Event: 17.312 Thread 0x00007f0f900cb800 nmethod 7315 0x00007f0f79d3ca90 code [0x00007f0f79d3cc60, 0x00007f0f79d3cf30]
Event: 17.312 Thread 0x00007f0f900cb800 7317       3       java.math.BigInteger::<init> (77 bytes)
Event: 17.313 Thread 0x00007f0f900cb800 nmethod 7317 0x00007f0f79d3d010 code [0x00007f0f79d3d1e0, 0x00007f0f79d3d6b0]

GC Heap History (20 events):
Event: 8.261 GC heap before
{Heap before GC invocations=5 (full 0):
 garbage-first heap   total 63488K, used 39952K [0x00000000c5e00000, 0x0000000100000000)
  region size 1024K, 36 young (36864K), 5 survivors (5120K)
 Metaspace       used 15150K, capacity 16564K, committed 17024K, reserved 1064960K
  class space    used 1686K, capacity 1914K, committed 1920K, reserved 1048576K
}
Event: 8.281 GC heap after
{Heap after GC invocations=6 (full 0):
 garbage-first heap   total 63488K, used 9630K [0x00000000c5e00000, 0x0000000100000000)
  region size 1024K, 4 young (4096K), 4 survivors (4096K)
 Metaspace       used 15150K, capacity 16564K, committed 17024K, reserved 1064960K
  class space    used 1686K, capacity 1914K, committed 1920K, reserved 1048576K
}
Event: 9.624 GC heap before
{Heap before GC invocations=6 (full 0):
 garbage-first heap   total 63488K, used 41374K [0x00000000c5e00000, 0x0000000100000000)
  region size 1024K, 35 young (35840K), 4 survivors (4096K)
 Metaspace       used 16350K, capacity 17701K, committed 18048K, reserved 1064960K
  class space    used 1806K, capacity 2057K, committed 2176K, reserved 1048576K
}
Event: 9.640 GC heap after
{Heap after GC invocations=7 (full 0):
 garbage-first heap   total 76800K, used 11692K [0x00000000c5e00000, 0x0000000100000000)
  region size 1024K, 4 young (4096K), 4 survivors (4096K)
 Metaspace       used 16350K, capacity 17701K, committed 18048K, reserved 1064960K
  class space    used 1806K, capacity 2057K, committed 2176K, reserved 1048576K
}
Event: 10.808 GC heap before
{Heap before GC invocations=7 (full 0):
 garbage-first heap   total 76800K, used 47532K [0x00000000c5e00000, 0x0000000100000000)
  region size 1024K, 39 young (39936K), 4 survivors (4096K)
 Metaspace       used 17237K, capacity 18596K, committed 19072K, reserved 1067008K
  class space    used 1873K, capacity 2140K, committed 2176K, reserved 1048576K
}
Event: 10.818 GC heap after
{Heap after GC invocations=8 (full 0):
 garbage-first heap   total 76800K, used 13210K [0x00000000c5e00000, 0x0000000100000000)
  region size 1024K, 4 young (4096K), 4 survivors (4096K)
 Metaspace       used 17237K, capacity 18596K, committed 19072K, reserved 1067008K
  class space    used 1873K, capacity 2140K, committed 2176K, reserved 1048576K
}
Event: 11.350 GC heap before
{Heap before GC invocations=8 (full 0):
 garbage-first heap   total 76800K, used 20378K [0x00000000c5e00000, 0x0000000100000000)
  region size 1024K, 12 young (12288K), 4 survivors (4096K)
 Metaspace       used 19723K, capacity 20914K, committed 21248K, reserved 1069056K
  class space    used 2173K, capacity 2443K, committed 2560K, reserved 1048576K
}
Event: 11.368 GC heap after
{Heap after GC invocations=9 (full 0):
 garbage-first heap   total 76800K, used 14004K [0x00000000c5e00000, 0x0000000100000000)
  region size 1024K, 3 young (3072K), 3 survivors (3072K)
 Metaspace       used 19723K, capacity 20914K, committed 21248K, reserved 1069056K
  class space    used 2173K, capacity 2443K, committed 2560K, reserved 1048576K
}
Event: 12.770 GC heap before
{Heap before GC invocations=10 (full 0):
 garbage-first heap   total 76800K, used 47796K [0x00000000c5e00000, 0x0000000100000000)
  region size 1024K, 36 young (36864K), 3 survivors (3072K)
 Metaspace       used 25453K, capacity 26139K, committed 26368K, reserved 1073152K
  class space    used 2820K, capacity 3051K, committed 3072K, reserved 1048576K
}
Event: 12.789 GC heap after
{Heap after GC invocations=11 (full 0):
 garbage-first heap   total 76800K, used 21551K [0x00000000c5e00000, 0x0000000100000000)
  region size 1024K, 5 young (5120K), 5 survivors (5120K)
 Metaspace       used 25453K, capacity 26139K, committed 26368K, reserved 1073152K
  class space    used 2820K, capacity 3051K, committed 3072K, reserved 1048576K
}
Event: 13.724 GC heap before
{Heap before GC invocations=11 (full 0):
 garbage-first heap   total 76800K, used 51247K [0x00000000c5e00000, 0x0000000100000000)
  region size 1024K, 34 young (34816K), 5 survivors (5120K)
 Metaspace       used 27399K, capacity 28185K, committed 28416K, reserved 1075200K
  class space    used 3001K, capacity 3238K, committed 3328K, reserved 1048576K
}
Event: 13.745 GC heap after
{Heap after GC invocations=12 (full 0):
 garbage-first heap   total 76800K, used 25073K [0x00000000c5e00000, 0x0000000100000000)
  region size 1024K, 5 young (5120K), 5 survivors (5120K)
 Metaspace       used 27399K, capacity 28185K, committed 28416K, reserved 1075200K
  class space    used 3001K, capacity 3238K, committed 3328K, reserved 1048576K
}
Event: 14.430 GC heap before
{Heap before GC invocations=12 (full 0):
 garbage-first heap   total 76800K, used 52721K [0x00000000c5e00000, 0x0000000100000000)
  region size 1024K, 32 young (32768K), 5 survivors (5120K)
 Metaspace       used 27954K, capacity 28751K, committed 28928K, reserved 1075200K
  class space    used 3042K, capacity 3292K, committed 3328K, reserved 1048576K
}
Event: 14.444 GC heap after
{Heap after GC invocations=13 (full 0):
 garbage-first heap   total 92160K, used 26729K [0x00000000c5e00000, 0x0000000100000000)
  region size 1024K, 3 young (3072K), 3 survivors (3072K)
 Metaspace       used 27954K, capacity 28751K, committed 28928K, reserved 1075200K
  class space    used 3042K, capacity 3292K, committed 3328K, reserved 1048576K
}
Event: 15.332 GC heap before
{Heap before GC invocations=13 (full 0):
 garbage-first heap   total 92160K, used 61545K [0x00000000c5e00000, 0x0000000100000000)
  region size 1024K, 37 young (37888K), 3 survivors (3072K)
 Metaspace       used 29153K, capacity 30060K, committed 30336K, reserved 1077248K
  class space    used 3136K, capacity 3410K, committed 3456K, reserved 1048576K
}
Event: 15.341 GC heap after
{Heap after GC invocations=14 (full 0):
 garbage-first heap   total 92160K, used 26024K [0x00000000c5e00000, 0x0000000100000000)
  region size 1024K, 2 young (2048K), 2 survivors (2048K)
 Metaspace       used 29153K, capacity 30060K, committed 30336K, reserved 1077248K
  class space    used 3136K, capacity 3410K, committed 3456K, reserved 1048576K
}
Event: 15.645 GC heap before
{Heap before GC invocations=14 (full 0):
 garbage-first heap   total 92160K, used 62888K [0x00000000c5e00000, 0x0000000100000000)
  region size 1024K, 38 young (38912K), 2 survivors (2048K)
 Metaspace       used 29303K, capacity 30188K, committed 30336K, reserved 1077248K
  class space    used 3138K, capacity 3410K, committed 3456K, reserved 1048576K
}
Event: 15.653 GC heap after
{Heap after GC invocations=15 (full 0):
 garbage-first heap   total 92160K, used 26479K [0x00000000c5e00000, 0x0000000100000000)
  region size 1024K, 3 young (3072K), 3 survivors (3072K)
 Metaspace       used 29303K, capacity 30188K, committed 30336K, reserved 1077248K
  class space    used 3138K, capacity 3410K, committed 3456K, reserved 1048576K
}
Event: 17.241 GC heap before
{Heap before GC invocations=15 (full 0):
 garbage-first heap   total 92160K, used 50031K [0x00000000c5e00000, 0x0000000100000000)
  region size 1024K, 27 young (27648K), 3 survivors (3072K)
 Metaspace       used 34774K, capacity 35675K, committed 35840K, reserved 1081344K
  class space    used 3805K, capacity 4104K, committed 4224K, reserved 1048576K
}
Event: 17.260 GC heap after
{Heap after GC invocations=16 (full 0):
 garbage-first heap   total 92160K, used 29412K [0x00000000c5e00000, 0x0000000100000000)
  region size 1024K, 5 young (5120K), 5 survivors (5120K)
 Metaspace       used 34774K, capacity 35675K, committed 35840K, reserved 1081344K
  class space    used 3805K, capacity 4104K, committed 4224K, reserved 1048576K
}

Deoptimization events (20 events):
Event: 16.603 Thread 0x00007f0f90017800 DEOPT PACKING pc=0x00007f0f805145fc sp=0x00007f0f97f326d0
Event: 16.603 Thread 0x00007f0f90017800 DEOPT UNPACKING pc=0x00007f0f7883ae9f sp=0x00007f0f97f326d0 mode 2
Event: 16.636 Thread 0x00007f0f90017800 Uncommon trap: trap_request=0xffffffc6 fr.pc=0x00007f0f805145fc relative=0x000000000000127c
Event: 16.636 Thread 0x00007f0f90017800 Uncommon trap: reason=bimorphic_or_optimized_type_check action=maybe_recompile pc=0x00007f0f805145fc method=java.util.concurrent.ConcurrentHashMap.putAll(Ljava/util/Map;)V @ 23 c2
Event: 16.636 Thread 0x00007f0f90017800 DEOPT PACKING pc=0x00007f0f805145fc sp=0x00007f0f97f327c0
Event: 16.636 Thread 0x00007f0f90017800 DEOPT UNPACKING pc=0x00007f0f7883ae9f sp=0x00007f0f97f327c0 mode 2
Event: 16.698 Thread 0x00007f0f90017800 Uncommon trap: trap_request=0xffffff4d fr.pc=0x00007f0f80401868 relative=0x0000000000000128
Event: 16.698 Thread 0x00007f0f90017800 Uncommon trap: reason=unstable_if action=reinterpret pc=0x00007f0f80401868 method=java.lang.ThreadLocal$ThreadLocalMap.getEntry(Ljava/lang/ThreadLocal;)Ljava/lang/ThreadLocal$ThreadLocalMap$Entry; @ 29 c2
Event: 16.698 Thread 0x00007f0f90017800 DEOPT PACKING pc=0x00007f0f80401868 sp=0x00007f0f97f33640
Event: 16.698 Thread 0x00007f0f90017800 DEOPT UNPACKING pc=0x00007f0f7883ae9f sp=0x00007f0f97f33580 mode 2
Event: 17.176 Thread 0x00007f0f90017800 DEOPT PACKING pc=0x00007f0f79c7a035 sp=0x00007f0f97f31690
Event: 17.176 Thread 0x00007f0f90017800 DEOPT UNPACKING pc=0x00007f0f7883b62b sp=0x00007f0f97f30af0 mode 0
Event: 17.176 Thread 0x00007f0f90017800 DEOPT PACKING pc=0x00007f0f79c7a035 sp=0x00007f0f97f31690
Event: 17.177 Thread 0x00007f0f90017800 DEOPT UNPACKING pc=0x00007f0f7883b62b sp=0x00007f0f97f30af0 mode 0
Event: 17.177 Thread 0x00007f0f90017800 DEOPT PACKING pc=0x00007f0f79c7a035 sp=0x00007f0f97f31690
Event: 17.177 Thread 0x00007f0f90017800 DEOPT UNPACKING pc=0x00007f0f7883b62b sp=0x00007f0f97f30af0 mode 0
Event: 17.189 Thread 0x00007f0f90017800 Uncommon trap: trap_request=0xffffff4d fr.pc=0x00007f0f804e983c relative=0x000000000000033c
Event: 17.189 Thread 0x00007f0f90017800 Uncommon trap: reason=unstable_if action=reinterpret pc=0x00007f0f804e983c method=java.util.HashMap.putVal(ILjava/lang/Object;Ljava/lang/Object;ZZ)Ljava/lang/Object; @ 162 c2
Event: 17.189 Thread 0x00007f0f90017800 DEOPT PACKING pc=0x00007f0f804e983c sp=0x00007f0f97f317c0
Event: 17.189 Thread 0x00007f0f90017800 DEOPT UNPACKING pc=0x00007f0f7883ae9f sp=0x00007f0f97f316f8 mode 2

Classes redefined (0 events):
No events

Internal exceptions (20 events):
Event: 9.583 Thread 0x00007f0f90017800 Exception <a 'java/lang/NoClassDefFoundError'{0x00000000c7c9b960}: org/apache/maven/doxia/sink/SinkEventAttributes> (0x00000000c7c9b960) thrown at [src/hotspot/share/classfile/systemDictionary.cpp, line 219]
Event: 9.589 Thread 0x00007f0f90017800 Exception <a 'java/lang/NoClassDefFoundError'{0x00000000c7cd5bf8}: org/apache/maven/doxia/sink/SinkEventAttributes> (0x00000000c7cd5bf8) thrown at [src/hotspot/share/classfile/systemDictionary.cpp, line 219]
Event: 9.594 Thread 0x00007f0f90017800 Exception <a 'java/lang/NoClassDefFoundError'{0x00000000c7b18770}: org/apache/maven/doxia/sink/SinkEventAttributes> (0x00000000c7b18770) thrown at [src/hotspot/share/classfile/systemDictionary.cpp, line 219]
Event: 11.318 Thread 0x00007f0f90017800 Exception <a 'java/lang/NoSuchMethodError'{0x00000000c9f78880}: 'int java.lang.invoke.DirectMethodHandle$Holder.invokeVirtual(java.lang.Object, java.lang.Object, java.lang.Object)'> (0x00000000c9f78880) thrown at [src/hotspot/share/interpreter/linkResolver.cpp, line 772]
Event: 11.815 Thread 0x00007f0f90017800 Exception <a 'java/lang/NoSuchMethodError'{0x00000000ca694ff0}: 'int java.lang.invoke.DirectMethodHandle$Holder.invokeStaticInit(java.lang.Object, java.lang.Object)'> (0x00000000ca694ff0) thrown at [src/hotspot/share/interpreter/linkResolver.cpp, line 772]
Event: 11.921 Thread 0x00007f0f90017800 Exception <a 'java/lang/NoSuchMethodError'{0x00000000ca567db0}: 'int java.lang.invoke.DirectMethodHandle$Holder.invokeVirtual(java.lang.Object, java.lang.Object)'> (0x00000000ca567db0) thrown at [src/hotspot/share/interpreter/linkResolver.cpp, line 772]
Event: 11.931 Thread 0x00007f0f90017800 Exception <a 'java/lang/NoSuchMethodError'{0x00000000ca596cd0}: 'java.lang.Object java.lang.invoke.Invokers$Holder.linkToTargetMethod(java.lang.Object, java.lang.Object, java.lang.Object, java.lang.Object, java.lang.Object, java.lang.Object)'> (0x00000000ca596cd0) thrown at [src/hotspot/share/interpreter/linkResolver.cpp, line 772]
Event: 12.332 Thread 0x00007f0f90017800 Exception <a 'java/lang/NoSuchMethodError'{0x00000000c9b87e50}: 'java.lang.Object java.lang.invoke.DirectMethodHandle$Holder.invokeStatic(java.lang.Object, int, java.lang.Object)'> (0x00000000c9b87e50) thrown at [src/hotspot/share/interpreter/linkResolver.cpp, line 772]
Event: 12.540 Thread 0x00007f0f90017800 Exception <a 'java/lang/NoSuchMethodError'{0x00000000c9078c98}: 'int java.lang.invoke.DirectMethodHandle$Holder.invokeSpecial(java.lang.Object, java.lang.Object, java.lang.Object, java.lang.Object, java.lang.Object)'> (0x00000000c9078c98) thrown at [src/hotspot/share/interpreter/linkResolver.cpp, line 772]
Event: 13.227 Thread 0x00007f0f90017800 Exception <a 'java/lang/NoSuchMethodError'{0x00000000c9d96678}: 'int java.lang.invoke.DirectMethodHandle$Holder.invokeVirtual(java.lang.Object, java.lang.Object, java.lang.Object, java.lang.Object)'> (0x00000000c9d96678) thrown at [src/hotspot/share/interpreter/linkResolver.cpp, line 772]
Event: 13.229 Thread 0x00007f0f90017800 Exception <a 'java/lang/NoSuchMethodError'{0x00000000c9da1818}: 'java.lang.Object java.lang.invoke.DirectMethodHandle$Holder.invokeStatic(java.lang.Object, java.lang.Object, int, java.lang.Object)'> (0x00000000c9da1818) thrown at [src/hotspot/share/interpreter/linkResolver.cpp, line 772]
Event: 13.230 Thread 0x00007f0f90017800 Exception <a 'java/lang/NoSuchMethodError'{0x00000000c9da8598}: 'java.lang.Object java.lang.invoke.Invokers$Holder.linkToTargetMethod(java.lang.Object, int, java.lang.Object, java.lang.Object)'> (0x00000000c9da8598) thrown at [src/hotspot/share/interpreter/linkResolver.cpp, line 772]
Event: 13.231 Thread 0x00007f0f90017800 Exception <a 'java/lang/NoSuchMethodError'{0x00000000c9dadfd8}: 'java.lang.Object java.lang.invoke.DirectMethodHandle$Holder.invokeVirtual(java.lang.Object, java.lang.Object, java.lang.Object)'> (0x00000000c9dadfd8) thrown at [src/hotspot/share/interpreter/linkResolver.cpp, line 772]
Event: 14.122 Thread 0x00007f0f90017800 Exception <a 'java/lang/NoSuchMethodError'{0x00000000c9218798}: 'int java.lang.invoke.DirectMethodHandle$Holder.invokeSpecial(java.lang.Object, java.lang.Object, java.lang.Object, java.lang.Object)'> (0x00000000c9218798) thrown at [src/hotspot/share/interpreter/linkResolver.cpp, line 772]
Event: 15.012 Thread 0x00007f0f90017800 Exception <a 'java/lang/NoSuchMethodError'{0x00000000ca8c01e0}: 'java.lang.String org.apache.maven.execution.MavenExecutionRequest.getFailureBehavior()'> (0x00000000ca8c01e0) thrown at [src/hotspot/share/interpreter/linkResolver.cpp, line 868]
Event: 15.093 Thread 0x00007f0f91b74000 Exception <a 'java/lang/NoSuchMethodError'{0x00000000ca94bbc8}: 'java.lang.Object java.lang.invoke.DirectMethodHandle$Holder.invokeStaticInit(java.lang.Object, java.lang.Object, long, java.lang.Object)'> (0x00000000ca94bbc8) thrown at [src/hotspot/share/interpreter/linkResolver.cpp, line 772]
Event: 15.095 Thread 0x00007f0f91b74000 Exception <a 'java/lang/NoSuchMethodError'{0x00000000ca780f08}: 'java.lang.Object java.lang.invoke.Invokers$Holder.linkToTargetMethod(java.lang.Object, long, java.lang.Object)'> (0x00000000ca780f08) thrown at [src/hotspot/share/interpreter/linkResolver.cpp, line 772]
Event: 16.092 Thread 0x00007f0f90017800 Exception <a 'java/lang/NoSuchMethodError'{0x00000000cae7ee08}: 'int java.lang.invoke.DirectMethodHandle$Holder.invokeStaticInit(java.lang.Object, java.lang.Object, java.lang.Object, java.lang.Object)'> (0x00000000cae7ee08) thrown at [src/hotspot/share/interpreter/linkResolver.cpp, line 772]
Event: 16.094 Thread 0x00007f0f90017800 Exception <a 'java/lang/IncompatibleClassChangeError'{0x00000000cae88088}: Found class java.lang.Object, but interface was expected> (0x00000000cae88088) thrown at [src/hotspot/share/interpreter/linkResolver.cpp, line 839]
Event: 16.095 Thread 0x00007f0f90017800 Exception <a 'java/lang/NoSuchMethodError'{0x00000000cae8b490}: 'void java.lang.invoke.DirectMethodHandle$Holder.invokeStaticInit(java.lang.Object, java.lang.Object)'> (0x00000000cae8b490) thrown at [src/hotspot/share/interpreter/linkResolver.cpp, line 772]

Events (20 events):
Event: 17.313 loading class java/security/interfaces/XECKey
Event: 17.313 loading class java/security/interfaces/XECKey done
Event: 17.313 loading class java/security/interfaces/XECPublicKey done
Event: 17.313 Executing VM operation: CollectForMetadataAllocation
Event: 17.313 Executing VM operation: CollectForMetadataAllocation done
Event: 17.314 loading class java/security/interfaces/XECPrivateKey
Event: 17.314 loading class java/security/interfaces/XECPrivateKey done
Event: 17.314 loading class sun/security/pkcs/PKCS8Key
Event: 17.314 loading class sun/security/pkcs/PKCS8Key done
Event: 17.315 loading class sun/security/ssl/KeyShareExtension$KeyShareEntry
Event: 17.315 loading class sun/security/ssl/KeyShareExtension$KeyShareEntry done
Event: 17.315 loading class sun/security/ssl/XDHKeyExchange$1
Event: 17.315 loading class sun/security/ssl/XDHKeyExchange$1 done
Event: 17.315 loading class sun/security/ssl/KeyShareExtension$CHKeyShareSpec
Event: 17.315 loading class sun/security/ssl/KeyShareExtension$CHKeyShareSpec done
Event: 17.316 loading class sun/security/ssl/OutputRecord$T13PaddingHolder
Event: 17.316 loading class sun/security/ssl/OutputRecord$T13PaddingHolder done
Event: 17.316 loading class sun/security/ssl/ContentType
Event: 17.316 loading class sun/security/ssl/ContentType done
Event: 17.321 Executing VM operation: CGC_Operation


Dynamic libraries:
c5e00000-cb600000 rw-p 00000000 00:00 0 
cb600000-ffe00000 ---p 00000000 00:00 0 
ffe00000-ffe48000 rw-p 00b13000 08:05 11403396                           /usr/lib/jvm/java-11-openjdk-amd64/lib/server/classes.jsa
ffe48000-fff00000 rw-p 00000000 00:00 0 
fff00000-fff6c000 rw-p 00aa7000 08:05 11403396                           /usr/lib/jvm/java-11-openjdk-amd64/lib/server/classes.jsa
fff6c000-100000000 rw-p 00000000 00:00 0 
800000000-800002000 rwxp 00001000 08:05 11403396                         /usr/lib/jvm/java-11-openjdk-amd64/lib/server/classes.jsa
800002000-8003ce000 rw-p 00003000 08:05 11403396                         /usr/lib/jvm/java-11-openjdk-amd64/lib/server/classes.jsa
8003ce000-800aa5000 r--p 003cf000 08:05 11403396                         /usr/lib/jvm/java-11-openjdk-amd64/lib/server/classes.jsa
800aa5000-800aa6000 rw-p 00aa6000 08:05 11403396                         /usr/lib/jvm/java-11-openjdk-amd64/lib/server/classes.jsa
840000000-840420000 rw-p 00000000 00:00 0 
840420000-880000000 ---p 00000000 00:00 0 
55b2e8fff000-55b2e9000000 r--p 00000000 08:05 10354697                   /usr/lib/jvm/java-11-openjdk-amd64/bin/java
55b2e9000000-55b2e9001000 r-xp 00001000 08:05 10354697                   /usr/lib/jvm/java-11-openjdk-amd64/bin/java
55b2e9001000-55b2e9002000 r--p 00002000 08:05 10354697                   /usr/lib/jvm/java-11-openjdk-amd64/bin/java
55b2e9002000-55b2e9003000 r--p 00002000 08:05 10354697                   /usr/lib/jvm/java-11-openjdk-amd64/bin/java
55b2e9003000-55b2e9004000 rw-p 00003000 08:05 10354697                   /usr/lib/jvm/java-11-openjdk-amd64/bin/java
55b2e995f000-55b2e9980000 rw-p 00000000 00:00 0                          [heap]
7f0f24000000-7f0f24021000 rw-p 00000000 00:00 0 
7f0f24021000-7f0f28000000 ---p 00000000 00:00 0 
7f0f2b994000-7f0f2bd60000 rw-p 00000000 00:00 0 
7f0f2bd60000-7f0f2be00000 ---p 00000000 00:00 0 
7f0f2be00000-7f0f2c000000 rw-p 00000000 00:00 0 
7f0f2c000000-7f0f2c021000 rw-p 00000000 00:00 0 
7f0f2c021000-7f0f30000000 ---p 00000000 00:00 0 
7f0f30000000-7f0f30021000 rw-p 00000000 00:00 0 
7f0f30021000-7f0f34000000 ---p 00000000 00:00 0 
7f0f34000000-7f0f34021000 rw-p 00000000 00:00 0 
7f0f34021000-7f0f38000000 ---p 00000000 00:00 0 
7f0f38000000-7f0f38021000 rw-p 00000000 00:00 0 
7f0f38021000-7f0f3c000000 ---p 00000000 00:00 0 
7f0f3c000000-7f0f3c021000 rw-p 00000000 00:00 0 
7f0f3c021000-7f0f40000000 ---p 00000000 00:00 0 
7f0f40000000-7f0f40021000 rw-p 00000000 00:00 0 
7f0f40021000-7f0f44000000 ---p 00000000 00:00 0 
7f0f44000000-7f0f457b6000 rw-p 00000000 00:00 0 
7f0f457b6000-7f0f48000000 ---p 00000000 00:00 0 
7f0f48000000-7f0f48855000 rw-p 00000000 00:00 0 
7f0f48855000-7f0f4c000000 ---p 00000000 00:00 0 
7f0f4c000000-7f0f4c021000 rw-p 00000000 00:00 0 
7f0f4c021000-7f0f50000000 ---p 00000000 00:00 0 
7f0f50000000-7f0f50021000 rw-p 00000000 00:00 0 
7f0f50021000-7f0f54000000 ---p 00000000 00:00 0 
7f0f54000000-7f0f54021000 rw-p 00000000 00:00 0 
7f0f54021000-7f0f58000000 ---p 00000000 00:00 0 
7f0f58000000-7f0f58021000 rw-p 00000000 00:00 0 
7f0f58021000-7f0f5c000000 ---p 00000000 00:00 0 
7f0f5c000000-7f0f5c021000 rw-p 00000000 00:00 0 
7f0f5c021000-7f0f60000000 ---p 00000000 00:00 0 
7f0f60000000-7f0f60021000 rw-p 00000000 00:00 0 
7f0f60021000-7f0f64000000 ---p 00000000 00:00 0 
7f0f64000000-7f0f64021000 rw-p 00000000 00:00 0 
7f0f64021000-7f0f68000000 ---p 00000000 00:00 0 
7f0f681f4000-7f0f683f4000 rw-p 00000000 00:00 0 
7f0f683f4000-7f0f683f8000 ---p 00000000 00:00 0 
7f0f683f8000-7f0f684f5000 rw-p 00000000 00:00 0 
7f0f684f5000-7f0f684f9000 ---p 00000000 00:00 0 
7f0f684f9000-7f0f685f6000 rw-p 00000000 00:00 0 
7f0f685f6000-7f0f685fa000 ---p 00000000 00:00 0 
7f0f685fa000-7f0f688f7000 rw-p 00000000 00:00 0 
7f0f688f7000-7f0f68af7000 rw-p 00000000 00:00 0 
7f0f68af7000-7f0f68cf7000 rw-p 00000000 00:00 0 
7f0f68cf7000-7f0f68ef7000 rw-p 00000000 00:00 0 
7f0f68ef7000-7f0f690f7000 rw-p 00000000 00:00 0 
7f0f690f7000-7f0f692f7000 rw-p 00000000 00:00 0 
7f0f692f7000-7f0f694f7000 rw-p 00000000 00:00 0 
7f0f694f7000-7f0f696f7000 rw-p 00000000 00:00 0 
7f0f696f7000-7f0f698f7000 rw-p 00000000 00:00 0 
7f0f698f7000-7f0f698f8000 ---p 00000000 00:00 0 
7f0f698f8000-7f0f699f9000 rw-p 00000000 00:00 0 
7f0f699f9000-7f0f699fd000 ---p 00000000 00:00 0 
7f0f699fd000-7f0f69afa000 rw-p 00000000 00:00 0 
7f0f69afa000-7f0f69afb000 ---p 00000000 00:00 0 
7f0f69afb000-7f0f69bfc000 rw-p 00000000 00:00 0 
7f0f69bfc000-7f0f69c00000 ---p 00000000 00:00 0 
7f0f69c00000-7f0f69cfd000 rw-p 00000000 00:00 0 
7f0f69cfd000-7f0f69d01000 ---p 00000000 00:00 0 
7f0f69d01000-7f0f69dfe000 rw-p 00000000 00:00 0 
7f0f69dfe000-7f0f69e02000 ---p 00000000 00:00 0 
7f0f69e02000-7f0f69eff000 rw-p 00000000 00:00 0 
7f0f69eff000-7f0f69f03000 ---p 00000000 00:00 0 
7f0f69f03000-7f0f6c000000 rw-p 00000000 00:00 0 
7f0f6c000000-7f0f6c021000 rw-p 00000000 00:00 0 
7f0f6c021000-7f0f70000000 ---p 00000000 00:00 0 
7f0f70000000-7f0f70021000 rw-p 00000000 00:00 0 
7f0f70021000-7f0f74000000 ---p 00000000 00:00 0 
7f0f74000000-7f0f74176000 rw-p 00000000 00:00 0 
7f0f74176000-7f0f78000000 ---p 00000000 00:00 0 
7f0f78063000-7f0f78067000 r--p 00000000 08:05 7078852                    /lib/x86_64-linux-gnu/libresolv-2.31.so
7f0f78067000-7f0f78077000 r-xp 00004000 08:05 7078852                    /lib/x86_64-linux-gnu/libresolv-2.31.so
7f0f78077000-7f0f7807b000 r--p 00014000 08:05 7078852                    /lib/x86_64-linux-gnu/libresolv-2.31.so
7f0f7807b000-7f0f7807c000 r--p 00017000 08:05 7078852                    /lib/x86_64-linux-gnu/libresolv-2.31.so
7f0f7807c000-7f0f7807d000 rw-p 00018000 08:05 7078852                    /lib/x86_64-linux-gnu/libresolv-2.31.so
7f0f7807d000-7f0f7807f000 rw-p 00000000 00:00 0 
7f0f7807f000-7f0f78083000 ---p 00000000 00:00 0 
7f0f78083000-7f0f78180000 rw-p 00000000 00:00 0 
7f0f78180000-7f0f786f0000 r--p 00000000 08:05 7474640                    /usr/lib/locale/locale-archive
7f0f786f0000-7f0f786f4000 ---p 00000000 00:00 0 
7f0f786f4000-7f0f787f1000 rw-p 00000000 00:00 0 
7f0f787f1000-7f0f78a61000 rwxp 00000000 00:00 0 
7f0f78a61000-7f0f78d81000 ---p 00000000 00:00 0 
7f0f78d81000-7f0f79d41000 rwxp 00000000 00:00 0 
7f0f79d41000-7f0f802b9000 ---p 00000000 00:00 0 
7f0f802b9000-7f0f80589000 rwxp 00000000 00:00 0 
7f0f80589000-7f0f877f1000 ---p 00000000 00:00 0 
7f0f877f1000-7f0f90000000 r--s 00000000 08:05 11403833                   /usr/lib/jvm/java-11-openjdk-amd64/lib/modules
7f0f90000000-7f0f91eea000 rw-p 00000000 00:00 0 
7f0f91eea000-7f0f94000000 ---p 00000000 00:00 0 
7f0f94007000-7f0f94008000 r--p 00000000 08:05 7078185                    /lib/x86_64-linux-gnu/libnss_dns-2.31.so
7f0f94008000-7f0f9400c000 r-xp 00001000 08:05 7078185                    /lib/x86_64-linux-gnu/libnss_dns-2.31.so
7f0f9400c000-7f0f9400d000 r--p 00005000 08:05 7078185                    /lib/x86_64-linux-gnu/libnss_dns-2.31.so
7f0f9400d000-7f0f9400e000 r--p 00005000 08:05 7078185                    /lib/x86_64-linux-gnu/libnss_dns-2.31.so
7f0f9400e000-7f0f9400f000 rw-p 00006000 08:05 7078185                    /lib/x86_64-linux-gnu/libnss_dns-2.31.so
7f0f9400f000-7f0f94010000 r--p 00000000 08:05 7078593                    /lib/x86_64-linux-gnu/libnss_mdns4_minimal.so.2
7f0f94010000-7f0f94012000 r-xp 00001000 08:05 7078593                    /lib/x86_64-linux-gnu/libnss_mdns4_minimal.so.2
7f0f94012000-7f0f94013000 r--p 00003000 08:05 7078593                    /lib/x86_64-linux-gnu/libnss_mdns4_minimal.so.2
7f0f94013000-7f0f94014000 r--p 00003000 08:05 7078593                    /lib/x86_64-linux-gnu/libnss_mdns4_minimal.so.2
7f0f94014000-7f0f94015000 rw-p 00004000 08:05 7078593                    /lib/x86_64-linux-gnu/libnss_mdns4_minimal.so.2
7f0f9401d000-7f0f94024000 r--s 00000000 08:05 7733953                    /usr/lib/x86_64-linux-gnu/gconv/gconv-modules.cache
7f0f94024000-7f0f94025000 r--p 00000000 08:05 11403805                   /usr/lib/jvm/java-11-openjdk-amd64/lib/libextnet.so
7f0f94025000-7f0f94026000 r-xp 00001000 08:05 11403805                   /usr/lib/jvm/java-11-openjdk-amd64/lib/libextnet.so
7f0f94026000-7f0f94027000 r--p 00002000 08:05 11403805                   /usr/lib/jvm/java-11-openjdk-amd64/lib/libextnet.so
7f0f94027000-7f0f94028000 r--p 00002000 08:05 11403805                   /usr/lib/jvm/java-11-openjdk-amd64/lib/libextnet.so
7f0f94028000-7f0f94029000 rw-p 00003000 08:05 11403805                   /usr/lib/jvm/java-11-openjdk-amd64/lib/libextnet.so
7f0f94029000-7f0f94031000 r--p 00000000 08:05 11403829                   /usr/lib/jvm/java-11-openjdk-amd64/lib/libsunec.so
7f0f94031000-7f0f9404a000 r-xp 00008000 08:05 11403829                   /usr/lib/jvm/java-11-openjdk-amd64/lib/libsunec.so
7f0f9404a000-7f0f94054000 r--p 00021000 08:05 11403829                   /usr/lib/jvm/java-11-openjdk-amd64/lib/libsunec.so
7f0f94054000-7f0f94055000 ---p 0002b000 08:05 11403829                   /usr/lib/jvm/java-11-openjdk-amd64/lib/libsunec.so
7f0f94055000-7f0f94059000 r--p 0002b000 08:05 11403829                   /usr/lib/jvm/java-11-openjdk-amd64/lib/libsunec.so
7f0f94059000-7f0f9405b000 rw-p 0002f000 08:05 11403829                   /usr/lib/jvm/java-11-openjdk-amd64/lib/libsunec.so
7f0f9405b000-7f0f9408c000 rw-p 00000000 00:00 0 
7f0f9408c000-7f0f94090000 r--p 00000000 08:05 11403823                   /usr/lib/jvm/java-11-openjdk-amd64/lib/libnet.so
7f0f94090000-7f0f9409e000 r-xp 00004000 08:05 11403823                   /usr/lib/jvm/java-11-openjdk-amd64/lib/libnet.so
7f0f9409e000-7f0f940a2000 r--p 00012000 08:05 11403823                   /usr/lib/jvm/java-11-openjdk-amd64/lib/libnet.so
7f0f940a2000-7f0f940a3000 r--p 00015000 08:05 11403823                   /usr/lib/jvm/java-11-openjdk-amd64/lib/libnet.so
7f0f940a3000-7f0f940a4000 rw-p 00016000 08:05 11403823                   /usr/lib/jvm/java-11-openjdk-amd64/lib/libnet.so
7f0f940a4000-7f0f940ab000 r--p 00000000 08:05 11403824                   /usr/lib/jvm/java-11-openjdk-amd64/lib/libnio.so
7f0f940ab000-7f0f940b3000 r-xp 00007000 08:05 11403824                   /usr/lib/jvm/java-11-openjdk-amd64/lib/libnio.so
7f0f940b3000-7f0f940b6000 r--p 0000f000 08:05 11403824                   /usr/lib/jvm/java-11-openjdk-amd64/lib/libnio.so
7f0f940b6000-7f0f940b7000 r--p 00011000 08:05 11403824                   /usr/lib/jvm/java-11-openjdk-amd64/lib/libnio.so
7f0f940b7000-7f0f940b8000 rw-p 00012000 08:05 11403824                   /usr/lib/jvm/java-11-openjdk-amd64/lib/libnio.so
7f0f940b8000-7f0f940bc000 ---p 00000000 00:00 0 
7f0f940bc000-7f0f941b9000 rw-p 00000000 00:00 0 
7f0f941b9000-7f0f941ba000 ---p 00000000 00:00 0 
7f0f941ba000-7f0f94bbf000 rw-p 00000000 00:00 0 
7f0f94bbf000-7f0f94c01000 rw-p 00000000 00:00 0 
7f0f94c01000-7f0f94c02000 ---p 00000000 00:00 0 
7f0f94c02000-7f0f94d03000 rw-p 00000000 00:00 0 
7f0f94d03000-7f0f94d04000 ---p 00000000 00:00 0 
7f0f94d04000-7f0f95209000 rw-p 00000000 00:00 0 
7f0f95209000-7f0f9520a000 ---p 00000000 00:00 0 
7f0f9520a000-7f0f9530b000 rw-p 00000000 00:00 0 
7f0f9530b000-7f0f9530c000 ---p 00000000 00:00 0 
7f0f9530c000-7f0f9558c000 rw-p 00000000 00:00 0 
7f0f9558c000-7f0f962ac000 ---p 00000000 00:00 0 
7f0f962ac000-7f0f96414000 rw-p 00000000 00:00 0 
7f0f96414000-7f0f97134000 ---p 00000000 00:00 0 
7f0f97134000-7f0f97168000 rw-p 00000000 00:00 0 
7f0f97168000-7f0f9730c000 ---p 00000000 00:00 0 
7f0f9730c000-7f0f97339000 rw-p 00000000 00:00 0 
7f0f97339000-7f0f974dd000 ---p 00000000 00:00 0 
7f0f974dd000-7f0f9750a000 rw-p 00000000 00:00 0 
7f0f9750a000-7f0f976ae000 ---p 00000000 00:00 0 
7f0f976ae000-7f0f97ab3000 rw-p 00000000 00:00 0 
7f0f97ab3000-7f0f97ab4000 ---p 00000000 00:00 0 
7f0f97ab4000-7f0f97bbb000 rw-p 00000000 00:00 0 
7f0f97bbb000-7f0f97ca0000 ---p 00000000 00:00 0 
7f0f97ca0000-7f0f97cc0000 rw-p 00000000 00:00 0 
7f0f97cc0000-7f0f97d8b000 ---p 00000000 00:00 0 
7f0f97d8b000-7f0f97d90000 rw-p 00000000 00:00 0 
7f0f97d90000-7f0f97d97000 ---p 00000000 00:00 0 
7f0f97d97000-7f0f97d9a000 r--p 00000000 08:05 7078201                    /lib/x86_64-linux-gnu/libnss_files-2.31.so
7f0f97d9a000-7f0f97da1000 r-xp 00003000 08:05 7078201                    /lib/x86_64-linux-gnu/libnss_files-2.31.so
7f0f97da1000-7f0f97da3000 r--p 0000a000 08:05 7078201                    /lib/x86_64-linux-gnu/libnss_files-2.31.so
7f0f97da3000-7f0f97da4000 r--p 0000b000 08:05 7078201                    /lib/x86_64-linux-gnu/libnss_files-2.31.so
7f0f97da4000-7f0f97da5000 rw-p 0000c000 08:05 7078201                    /lib/x86_64-linux-gnu/libnss_files-2.31.so
7f0f97da5000-7f0f97dab000 rw-p 00000000 00:00 0 
7f0f97dab000-7f0f97daf000 r--p 00000000 08:05 7078155                    /lib/x86_64-linux-gnu/libnsl-2.31.so
7f0f97daf000-7f0f97dbf000 r-xp 00004000 08:05 7078155                    /lib/x86_64-linux-gnu/libnsl-2.31.so
7f0f97dbf000-7f0f97dc4000 r--p 00014000 08:05 7078155                    /lib/x86_64-linux-gnu/libnsl-2.31.so
7f0f97dc4000-7f0f97dc5000 r--p 00018000 08:05 7078155                    /lib/x86_64-linux-gnu/libnsl-2.31.so
7f0f97dc5000-7f0f97dc6000 rw-p 00019000 08:05 7078155                    /lib/x86_64-linux-gnu/libnsl-2.31.so
7f0f97dc6000-7f0f97dc8000 rw-p 00000000 00:00 0 
7f0f97dc8000-7f0f97dca000 r--p 00000000 08:05 7078203                    /lib/x86_64-linux-gnu/libnss_nis-2.31.so
7f0f97dca000-7f0f97dd2000 r-xp 00002000 08:05 7078203                    /lib/x86_64-linux-gnu/libnss_nis-2.31.so
7f0f97dd2000-7f0f97dd4000 r--p 0000a000 08:05 7078203                    /lib/x86_64-linux-gnu/libnss_nis-2.31.so
7f0f97dd4000-7f0f97dd5000 r--p 0000b000 08:05 7078203                    /lib/x86_64-linux-gnu/libnss_nis-2.31.so
7f0f97dd5000-7f0f97dd6000 rw-p 0000c000 08:05 7078203                    /lib/x86_64-linux-gnu/libnss_nis-2.31.so
7f0f97dd6000-7f0f97dd8000 r--p 00000000 08:05 7078156                    /lib/x86_64-linux-gnu/libnss_compat-2.31.so
7f0f97dd8000-7f0f97ddf000 r-xp 00002000 08:05 7078156                    /lib/x86_64-linux-gnu/libnss_compat-2.31.so
7f0f97ddf000-7f0f97de0000 r--p 00009000 08:05 7078156                    /lib/x86_64-linux-gnu/libnss_compat-2.31.so
7f0f97de0000-7f0f97de1000 r--p 00009000 08:05 7078156                    /lib/x86_64-linux-gnu/libnss_compat-2.31.so
7f0f97de1000-7f0f97de2000 rw-p 0000a000 08:05 7078156                    /lib/x86_64-linux-gnu/libnss_compat-2.31.so
7f0f97de3000-7f0f97de5000 r--p 00000000 08:05 11403832                   /usr/lib/jvm/java-11-openjdk-amd64/lib/libzip.so
7f0f97de5000-7f0f97dea000 r-xp 00002000 08:05 11403832                   /usr/lib/jvm/java-11-openjdk-amd64/lib/libzip.so
7f0f97dea000-7f0f97dec000 r--p 00007000 08:05 11403832                   /usr/lib/jvm/java-11-openjdk-amd64/lib/libzip.so
7f0f97dec000-7f0f97ded000 r--p 00008000 08:05 11403832                   /usr/lib/jvm/java-11-openjdk-amd64/lib/libzip.so
7f0f97ded000-7f0f97dee000 rw-p 00009000 08:05 11403832                   /usr/lib/jvm/java-11-openjdk-amd64/lib/libzip.so
7f0f97dee000-7f0f97df6000 rw-s 00000000 08:05 2361957                    /tmp/hsperfdata_essosso/131027
7f0f97df6000-7f0f97df8000 r--p 00000000 08:05 11403815                   /usr/lib/jvm/java-11-openjdk-amd64/lib/libjimage.so
7f0f97df8000-7f0f97dfb000 r-xp 00002000 08:05 11403815                   /usr/lib/jvm/java-11-openjdk-amd64/lib/libjimage.so
7f0f97dfb000-7f0f97dfc000 r--p 00005000 08:05 11403815                   /usr/lib/jvm/java-11-openjdk-amd64/lib/libjimage.so
7f0f97dfc000-7f0f97dfd000 ---p 00006000 08:05 11403815                   /usr/lib/jvm/java-11-openjdk-amd64/lib/libjimage.so
7f0f97dfd000-7f0f97dfe000 r--p 00006000 08:05 11403815                   /usr/lib/jvm/java-11-openjdk-amd64/lib/libjimage.so
7f0f97dfe000-7f0f97dff000 rw-p 00007000 08:05 11403815                   /usr/lib/jvm/java-11-openjdk-amd64/lib/libjimage.so
7f0f97dff000-7f0f97e0d000 r--p 00000000 08:05 11403812                   /usr/lib/jvm/java-11-openjdk-amd64/lib/libjava.so
7f0f97e0d000-7f0f97e23000 r-xp 0000e000 08:05 11403812                   /usr/lib/jvm/java-11-openjdk-amd64/lib/libjava.so
7f0f97e23000-7f0f97e2a000 r--p 00024000 08:05 11403812                   /usr/lib/jvm/java-11-openjdk-amd64/lib/libjava.so
7f0f97e2a000-7f0f97e2b000 r--p 0002a000 08:05 11403812                   /usr/lib/jvm/java-11-openjdk-amd64/lib/libjava.so
7f0f97e2b000-7f0f97e2c000 rw-p 0002b000 08:05 11403812                   /usr/lib/jvm/java-11-openjdk-amd64/lib/libjava.so
7f0f97e2c000-7f0f97e2d000 rw-p 00000000 00:00 0 
7f0f97e2d000-7f0f97e2f000 r--p 00000000 08:05 7078871                    /lib/x86_64-linux-gnu/librt-2.31.so
7f0f97e2f000-7f0f97e33000 r-xp 00002000 08:05 7078871                    /lib/x86_64-linux-gnu/librt-2.31.so
7f0f97e33000-7f0f97e35000 r--p 00006000 08:05 7078871                    /lib/x86_64-linux-gnu/librt-2.31.so
7f0f97e35000-7f0f97e36000 r--p 00007000 08:05 7078871                    /lib/x86_64-linux-gnu/librt-2.31.so
7f0f97e36000-7f0f97e37000 rw-p 00008000 08:05 7078871                    /lib/x86_64-linux-gnu/librt-2.31.so
7f0f97e37000-7f0f97e3b000 ---p 00000000 00:00 0 
7f0f97e3b000-7f0f97f38000 rw-p 00000000 00:00 0 
7f0f97f38000-7f0f97f3b000 r--p 00000000 08:05 7078150                    /lib/x86_64-linux-gnu/libgcc_s.so.1
7f0f97f3b000-7f0f97f4d000 r-xp 00003000 08:05 7078150                    /lib/x86_64-linux-gnu/libgcc_s.so.1
7f0f97f4d000-7f0f97f51000 r--p 00015000 08:05 7078150                    /lib/x86_64-linux-gnu/libgcc_s.so.1
7f0f97f51000-7f0f97f52000 r--p 00018000 08:05 7078150                    /lib/x86_64-linux-gnu/libgcc_s.so.1
7f0f97f52000-7f0f97f53000 rw-p 00019000 08:05 7078150                    /lib/x86_64-linux-gnu/libgcc_s.so.1
7f0f97f53000-7f0f97f60000 r--p 00000000 08:05 7078119                    /lib/x86_64-linux-gnu/libm-2.31.so
7f0f97f60000-7f0f98007000 r-xp 0000d000 08:05 7078119                    /lib/x86_64-linux-gnu/libm-2.31.so
7f0f98007000-7f0f980a0000 r--p 000b4000 08:05 7078119                    /lib/x86_64-linux-gnu/libm-2.31.so
7f0f980a0000-7f0f980a1000 r--p 0014c000 08:05 7078119                    /lib/x86_64-linux-gnu/libm-2.31.so
7f0f980a1000-7f0f980a2000 rw-p 0014d000 08:05 7078119                    /lib/x86_64-linux-gnu/libm-2.31.so
7f0f980a2000-7f0f98138000 r--p 00000000 08:05 7471625                    /usr/lib/x86_64-linux-gnu/libstdc++.so.6.0.28
7f0f98138000-7f0f98229000 r-xp 00096000 08:05 7471625                    /usr/lib/x86_64-linux-gnu/libstdc++.so.6.0.28
7f0f98229000-7f0f98272000 r--p 00187000 08:05 7471625                    /usr/lib/x86_64-linux-gnu/libstdc++.so.6.0.28
7f0f98272000-7f0f98273000 ---p 001d0000 08:05 7471625                    /usr/lib/x86_64-linux-gnu/libstdc++.so.6.0.28
7f0f98273000-7f0f9827e000 r--p 001d0000 08:05 7471625                    /usr/lib/x86_64-linux-gnu/libstdc++.so.6.0.28
7f0f9827e000-7f0f98281000 rw-p 001db000 08:05 7471625                    /usr/lib/x86_64-linux-gnu/libstdc++.so.6.0.28
7f0f98281000-7f0f98284000 rw-p 00000000 00:00 0 
7f0f98284000-7f0f98506000 r--p 00000000 08:05 11403836                   /usr/lib/jvm/java-11-openjdk-amd64/lib/server/libjvm.so
7f0f98506000-7f0f99197000 r-xp 00282000 08:05 11403836                   /usr/lib/jvm/java-11-openjdk-amd64/lib/server/libjvm.so
7f0f99197000-7f0f993f6000 r--p 00f13000 08:05 11403836                   /usr/lib/jvm/java-11-openjdk-amd64/lib/server/libjvm.so
7f0f993f6000-7f0f994ba000 r--p 01171000 08:05 11403836                   /usr/lib/jvm/java-11-openjdk-amd64/lib/server/libjvm.so
7f0f994ba000-7f0f994f5000 rw-p 01235000 08:05 11403836                   /usr/lib/jvm/java-11-openjdk-amd64/lib/server/libjvm.so
7f0f994f5000-7f0f9954e000 rw-p 00000000 00:00 0 
7f0f9954e000-7f0f99570000 r--p 00000000 08:05 7078105                    /lib/x86_64-linux-gnu/libc-2.31.so
7f0f99570000-7f0f996e8000 r-xp 00022000 08:05 7078105                    /lib/x86_64-linux-gnu/libc-2.31.so
7f0f996e8000-7f0f99736000 r--p 0019a000 08:05 7078105                    /lib/x86_64-linux-gnu/libc-2.31.so
7f0f99736000-7f0f9973a000 r--p 001e7000 08:05 7078105                    /lib/x86_64-linux-gnu/libc-2.31.so
7f0f9973a000-7f0f9973c000 rw-p 001eb000 08:05 7078105                    /lib/x86_64-linux-gnu/libc-2.31.so
7f0f9973c000-7f0f99740000 rw-p 00000000 00:00 0 
7f0f99740000-7f0f99741000 r--p 00000000 08:05 7078115                    /lib/x86_64-linux-gnu/libdl-2.31.so
7f0f99741000-7f0f99743000 r-xp 00001000 08:05 7078115                    /lib/x86_64-linux-gnu/libdl-2.31.so
7f0f99743000-7f0f99744000 r--p 00003000 08:05 7078115                    /lib/x86_64-linux-gnu/libdl-2.31.so
7f0f99744000-7f0f99745000 r--p 00003000 08:05 7078115                    /lib/x86_64-linux-gnu/libdl-2.31.so
7f0f99745000-7f0f99746000 rw-p 00004000 08:05 7078115                    /lib/x86_64-linux-gnu/libdl-2.31.so
7f0f99746000-7f0f99749000 r--p 00000000 08:05 11403404                   /usr/lib/jvm/java-11-openjdk-amd64/lib/jli/libjli.so
7f0f99749000-7f0f99753000 r-xp 00003000 08:05 11403404                   /usr/lib/jvm/java-11-openjdk-amd64/lib/jli/libjli.so
7f0f99753000-7f0f99756000 r--p 0000d000 08:05 11403404                   /usr/lib/jvm/java-11-openjdk-amd64/lib/jli/libjli.so
7f0f99756000-7f0f99757000 ---p 00010000 08:05 11403404                   /usr/lib/jvm/java-11-openjdk-amd64/lib/jli/libjli.so
7f0f99757000-7f0f99758000 r--p 00010000 08:05 11403404                   /usr/lib/jvm/java-11-openjdk-amd64/lib/jli/libjli.so
7f0f99758000-7f0f99759000 rw-p 00011000 08:05 11403404                   /usr/lib/jvm/java-11-openjdk-amd64/lib/jli/libjli.so
7f0f99759000-7f0f9975f000 r--p 00000000 08:05 7078780                    /lib/x86_64-linux-gnu/libpthread-2.31.so
7f0f9975f000-7f0f99770000 r-xp 00006000 08:05 7078780                    /lib/x86_64-linux-gnu/libpthread-2.31.so
7f0f99770000-7f0f99776000 r--p 00017000 08:05 7078780                    /lib/x86_64-linux-gnu/libpthread-2.31.so
7f0f99776000-7f0f99777000 r--p 0001c000 08:05 7078780                    /lib/x86_64-linux-gnu/libpthread-2.31.so
7f0f99777000-7f0f99778000 rw-p 0001d000 08:05 7078780                    /lib/x86_64-linux-gnu/libpthread-2.31.so
7f0f99778000-7f0f9977c000 rw-p 00000000 00:00 0 
7f0f9977c000-7f0f9977e000 r--p 00000000 08:05 7078195                    /lib/x86_64-linux-gnu/libz.so.1.2.11
7f0f9977e000-7f0f9978f000 r-xp 00002000 08:05 7078195                    /lib/x86_64-linux-gnu/libz.so.1.2.11
7f0f9978f000-7f0f99795000 r--p 00013000 08:05 7078195                    /lib/x86_64-linux-gnu/libz.so.1.2.11
7f0f99795000-7f0f99796000 ---p 00019000 08:05 7078195                    /lib/x86_64-linux-gnu/libz.so.1.2.11
7f0f99796000-7f0f99797000 r--p 00019000 08:05 7078195                    /lib/x86_64-linux-gnu/libz.so.1.2.11
7f0f99797000-7f0f99798000 rw-p 0001a000 08:05 7078195                    /lib/x86_64-linux-gnu/libz.so.1.2.11
7f0f99798000-7f0f99799000 ---p 00000000 00:00 0 
7f0f99799000-7f0f9979a000 r--p 00000000 00:00 0 
7f0f9979a000-7f0f9979f000 r--p 00000000 08:05 11403831                   /usr/lib/jvm/java-11-openjdk-amd64/lib/libverify.so
7f0f9979f000-7f0f997a6000 r-xp 00005000 08:05 11403831                   /usr/lib/jvm/java-11-openjdk-amd64/lib/libverify.so
7f0f997a6000-7f0f997a8000 r--p 0000c000 08:05 11403831                   /usr/lib/jvm/java-11-openjdk-amd64/lib/libverify.so
7f0f997a8000-7f0f997a9000 ---p 0000e000 08:05 11403831                   /usr/lib/jvm/java-11-openjdk-amd64/lib/libverify.so
7f0f997a9000-7f0f997ab000 r--p 0000e000 08:05 11403831                   /usr/lib/jvm/java-11-openjdk-amd64/lib/libverify.so
7f0f997ab000-7f0f997ac000 rw-p 00010000 08:05 11403831                   /usr/lib/jvm/java-11-openjdk-amd64/lib/libverify.so
7f0f997ac000-7f0f997ae000 rw-p 00000000 00:00 0 
7f0f997ae000-7f0f997af000 r--p 00000000 08:05 7077897                    /lib/x86_64-linux-gnu/ld-2.31.so
7f0f997af000-7f0f997d2000 r-xp 00001000 08:05 7077897                    /lib/x86_64-linux-gnu/ld-2.31.so
7f0f997d2000-7f0f997da000 r--p 00024000 08:05 7077897                    /lib/x86_64-linux-gnu/ld-2.31.so
7f0f997db000-7f0f997dc000 r--p 0002c000 08:05 7077897                    /lib/x86_64-linux-gnu/ld-2.31.so
7f0f997dc000-7f0f997dd000 rw-p 0002d000 08:05 7077897                    /lib/x86_64-linux-gnu/ld-2.31.so
7f0f997dd000-7f0f997de000 rw-p 00000000 00:00 0 
7fffc043e000-7fffc045f000 rw-p 00000000 00:00 0                          [stack]
7fffc05d8000-7fffc05db000 r--p 00000000 00:00 0                          [vvar]
7fffc05db000-7fffc05dc000 r-xp 00000000 00:00 0                          [vdso]
ffffffffff600000-ffffffffff601000 --xp 00000000 00:00 0                  [vsyscall]


VM Arguments:
jvm_args: -Dclassworlds.conf=/usr/share/maven/bin/m2.conf -Dmaven.home=/usr/share/maven -Dlibrary.jansi.path=/usr/share/maven/lib/jansi-native -Dmaven.multiModuleProjectDirectory=/home/essosso/Downloads/Soumission/Emile/essosso-belinga-emile-tester-Java 
java_command: org.codehaus.plexus.classworlds.launcher.Launcher test
java_class_path (initial): /usr/share/maven/boot/plexus-classworlds-2.x.jar
Launcher Type: SUN_STANDARD

[Global flags]
     intx CICompilerCount                          = 3                                         {product} {ergonomic}
     uint ConcGCThreads                            = 1                                         {product} {ergonomic}
     uint G1ConcRefinementThreads                  = 4                                         {product} {ergonomic}
   size_t G1HeapRegionSize                         = 1048576                                   {product} {ergonomic}
    uintx GCDrainStackTargetSize                   = 64                                        {product} {ergonomic}
   size_t InitialHeapSize                          = 62914560                                  {product} {ergonomic}
   size_t MarkStackSize                            = 4194304                                   {product} {ergonomic}
   size_t MaxHeapSize                              = 975175680                                 {product} {ergonomic}
   size_t MaxNewSize                               = 585105408                                 {product} {ergonomic}
   size_t MinHeapDeltaBytes                        = 1048576                                   {product} {ergonomic}
    uintx NonNMethodCodeHeapSize                   = 5830732                                {pd product} {ergonomic}
    uintx NonProfiledCodeHeapSize                  = 122913754                              {pd product} {ergonomic}
    uintx ProfiledCodeHeapSize                     = 122913754                              {pd product} {ergonomic}
    uintx ReservedCodeCacheSize                    = 251658240                              {pd product} {ergonomic}
     bool SegmentedCodeCache                       = true                                      {product} {ergonomic}
     bool UseCompressedClassPointers               = true                                 {lp64_product} {ergonomic}
     bool UseCompressedOops                        = true                                 {lp64_product} {ergonomic}
     bool UseG1GC                                  = true                                      {product} {ergonomic}

Logging:
Log output configuration:
 #0: stdout all=warning uptime,level,tags
 #1: stderr all=off uptime,level,tags

Environment Variables:
JAVA_HOME=/usr/lib/jvm/java-11-openjdk-amd64
PATH=/home/essosso/.npm-global/bin:/home/essosso/.local/bin:/home/essosso/bin:/usr/local/sbin:/usr/local/bin:/usr/sbin:/usr/bin:/sbin:/bin:/usr/games:/usr/local/games:/snap/bin
USERNAME=essosso
SHELL=/bin/bash
DISPLAY=:0
LANG=en_US.UTF-8
TERM=xterm-256color

Signal Handlers:
SIGSEGV: [libjvm.so+0xea02e0], sa_mask[0]=11111111011111111101111111111110, sa_flags=SA_RESTART|SA_SIGINFO
SIGBUS: [libjvm.so+0xea02e0], sa_mask[0]=11111111011111111101111111111110, sa_flags=SA_RESTART|SA_SIGINFO
SIGFPE: [libjvm.so+0xea02e0], sa_mask[0]=11111111011111111101111111111110, sa_flags=SA_RESTART|SA_SIGINFO
SIGPIPE: [libjvm.so+0xbe5be0], sa_mask[0]=11111111011111111101111111111110, sa_flags=SA_RESTART|SA_SIGINFO
SIGXFSZ: [libjvm.so+0xbe5be0], sa_mask[0]=11111111011111111101111111111110, sa_flags=SA_RESTART|SA_SIGINFO
SIGILL: [libjvm.so+0xea02e0], sa_mask[0]=11111111011111111101111111111110, sa_flags=SA_RESTART|SA_SIGINFO
SIGUSR2: [libjvm.so+0xbe5a80], sa_mask[0]=00100000000000000000000000000000, sa_flags=SA_RESTART|SA_SIGINFO
SIGHUP: [libjvm.so+0xbe6130], sa_mask[0]=11111111011111111101111111111110, sa_flags=SA_RESTART|SA_SIGINFO
SIGINT: [libjvm.so+0xbe6130], sa_mask[0]=11111111011111111101111111111110, sa_flags=SA_RESTART|SA_SIGINFO
SIGTERM: [libjvm.so+0xbe6130], sa_mask[0]=11111111011111111101111111111110, sa_flags=SA_RESTART|SA_SIGINFO
SIGQUIT: [libjvm.so+0xbe6130], sa_mask[0]=11111111011111111101111111111110, sa_flags=SA_RESTART|SA_SIGINFO


---------------  S Y S T E M  ---------------

OS:DISTRIB_ID=Ubuntu
DISTRIB_RELEASE=20.04
DISTRIB_CODENAME=focal
DISTRIB_DESCRIPTION="Ubuntu 20.04.6 LTS"
uname:Linux 5.4.0-156-generic #173-Ubuntu SMP Tue Jul 11 07:25:22 UTC 2023 x86_64
OS uptime: 7 days 23:48 hours
libc:glibc 2.31 NPTL 2.31 
rlimit (soft/hard): STACK 8192k/infinity , CORE 0k/infinity , NPROC 14635/14635 , NOFILE 1048576/1048576 , AS infinity/infinity , CPU infinity/infinity , DATA infinity/infinity , FSIZE infinity/infinity , MEMLOCK 65536k/65536k
load average:1.31 1.74 1.82

/proc/meminfo:
MemTotal:        3807920 kB
MemFree:          116508 kB
MemAvailable:     513304 kB
Buffers:           66032 kB
Cached:           868096 kB
SwapCached:        84824 kB
Active:          2254672 kB
Inactive:         916836 kB
Active(anon):    1979768 kB
Inactive(anon):   650504 kB
Active(file):     274904 kB
Inactive(file):   266332 kB
Unevictable:       83268 kB
Mlocked:              64 kB
SwapTotal:       5858300 kB
SwapFree:        4073736 kB
Dirty:               496 kB
Writeback:             0 kB
AnonPages:       2309988 kB
Mapped:           434088 kB
Shmem:            393052 kB
KReclaimable:     122592 kB
Slab:             318768 kB
SReclaimable:     122592 kB
SUnreclaim:       196176 kB
KernelStack:       15728 kB
PageTables:        40152 kB
NFS_Unstable:          0 kB
Bounce:                0 kB
WritebackTmp:          0 kB
CommitLimit:     7762260 kB
Committed_AS:   12364756 kB
VmallocTotal:   34359738367 kB
VmallocUsed:       36280 kB
VmallocChunk:          0 kB
Percpu:             8768 kB
HardwareCorrupted:     0 kB
AnonHugePages:         0 kB
ShmemHugePages:        0 kB
ShmemPmdMapped:        0 kB
FileHugePages:         0 kB
FilePmdMapped:         0 kB
CmaTotal:              0 kB
CmaFree:               0 kB
HugePages_Total:       0
HugePages_Free:        0
HugePages_Rsvd:        0
HugePages_Surp:        0
Hugepagesize:       2048 kB
Hugetlb:               0 kB
DirectMap4k:      721152 kB
DirectMap2M:     3266560 kB

/sys/kernel/mm/transparent_hugepage/enabled:
always [madvise] never
/sys/kernel/mm/transparent_hugepage/defrag (defrag/compaction efforts parameter):
always defer defer+madvise [madvise] never

Process Memory:
Virtual Size: 3875660K (peak: 12338028K)
Resident Set Size: 248852K (peak: 248852K) (anon: 210808K, file: 38044K, shmem: 0K)
Swapped out: 0K
C-Heap outstanding allocations: 61333K, retained: 19098K
glibc malloc tunables: (default)

/proc/sys/kernel/threads-max (system-wide limit on the number of threads):
29270
/proc/sys/vm/max_map_count (maximum number of memory map areas a process may have):
65530
/proc/sys/kernel/pid_max (system-wide limit on number of process identifiers):
4194304

container (cgroup) information:
container_type: cgroupv1
cpu_cpuset_cpus: 0-3
cpu_memory_nodes: 0
active_processor_count: 4
cpu_quota: no quota
cpu_period: 100000
cpu_shares: no shares
memory_limit_in_bytes: unlimited
memory_and_swap_limit_in_bytes: not supported
memory_soft_limit_in_bytes: unlimited
memory_usage_in_bytes: 3201740 k
memory_max_usage_in_bytes: 3328716 k
kernel_memory_usage_in_bytes: 143968 k
kernel_memory_max_usage_in_bytes: unlimited
kernel_memory_limit_in_bytes: 166264 k
maximum number of tasks: unlimited
current number of tasks: 671

Steal ticks since vm start: 0
Steal ticks percentage since vm start:  0.000

CPU:total 4 (initial active 4) (2 cores per cpu, 2 threads per core) family 6 model 37 stepping 5 microcode 0x7, cmov, cx8, fxsr, mmx, sse, sse2, sse3, ssse3, sse4.1, sse4.2, popcnt, ht, tsc, tscinvbit
CPU Model and flags from /proc/cpuinfo:
model name	: Intel(R) Core(TM) i3 CPU       M 370  @ 2.40GHz
flags		: fpu vme de pse tsc msr pae mce cx8 apic sep mtrr pge mca cmov pat pse36 clflush dts acpi mmx fxsr sse sse2 ht tm pbe syscall nx rdtscp lm constant_tsc arch_perfmon pebs bts rep_good nopl xtopology nonstop_tsc cpuid aperfmperf pni dtes64 monitor ds_cpl vmx est tm2 ssse3 cx16 xtpr pdcm pcid sse4_1 sse4_2 popcnt lahf_lm pti ssbd ibrs ibpb stibp tpr_shadow vnmi flexpriority ept vpid dtherm arat flush_l1d
Online cpus:
0-3
Offline cpus:
4-7
BIOS frequency limitation:
2399000
Frequency switch latency (ns):
10000
Available cpu frequencies:
2399000 2266000 2133000 1999000 1866000 1733000 1599000 1466000 1333000 1199000 1066000 933000 
Current governor:
ondemand
Core performance/turbo boost:
<Not Available>

Memory: 4k page, physical 3807920k(116508k free), swap 5858300k(4073736k free)

vm_info: OpenJDK 64-Bit Server VM (11.0.20+8-post-Ubuntu-1ubuntu120.04) for linux-amd64 JRE (11.0.20+8-post-Ubuntu-1ubuntu120.04), built on Jul 20 2023 03:22:26 by "unknown" with gcc 9.4.0

END.
